 Gen Ph     Best      Avg      Med    Δbest     Δmed  Species  Conns Hidden    Tax     Time
----------------------------------------------------------------------------------------------------
   0  0   0.4231   0.2490   0.2200   0.4231   0.2200        0      4      1   -0.0     1.5s
   1  0   0.4420   0.3031   0.3141   0.4420   0.3141        2      3      0   -0.0     1.6s
   2  0   0.4427   0.3475   0.3552   0.4427   0.3552        3      5      2   -0.0     1.6s
   3  0   0.4427   0.3787   0.3864   0.4427   0.3864        4      5      2   -0.0     1.7s
   4  0   0.4532   0.3990   0.4126   0.4532   0.4126        5      5      2   -0.0     1.8s
   5  0   0.4637   0.4106   0.4238   0.4637   0.4238        6      9      1   -0.0     1.8s
   6  0   0.4637   0.4160   0.4332   0.4637   0.4332        6      9      1   -0.0     1.9s
   7  0   0.4682   0.4194   0.4395   0.4682   0.4395        7      6      3   -0.0     1.9s
   8  0   0.4682   0.4231   0.4417   0.4682   0.4417        8      6      3   -0.0     2.0s
   9  0   0.4682   0.4289   0.4420   0.4682   0.4420        7      6      3   -0.0     2.1s
  10  0   0.4704   0.4340   0.4479   0.4704   0.4479       10      6      4   -0.0     2.2s
  11  0   0.4704   0.4407   0.4575   0.4704   0.4575        7      6      4   -0.0     2.3s
  12  0   0.4704   0.4440   0.4656   0.4704   0.4656        8      6      4   -0.0     2.5s
  13  0   0.4705   0.4473   0.4676   0.4705   0.4676        6      7      5   -0.0     2.5s
  14  0   0.4711   0.4520   0.4682   0.4711   0.4682        7     10      3   -0.0     2.5s
  15  0   0.4711   0.4511   0.4682   0.4711   0.4682        7     10      3   -0.0     2.6s
  16  0   0.4711   0.4510   0.4682   0.4711   0.4682        8     10      3   -0.0     2.7s
  17  0   0.4721   0.4501   0.4682   0.4721   0.4682        9      9      6   -0.0     2.7s
  18  0   0.4721   0.4541   0.4682   0.4721   0.4682        9      9      6   -0.0     2.7s
  19  0   0.4721   0.4485   0.4682   0.4721   0.4682        9     10      6   -0.0     2.7s
  20  0   0.4723   0.4489   0.4682   0.4723   0.4682       11      8      5   -0.0     2.8s
  21  0   0.4724   0.4492   0.4682   0.4724   0.4682       13      8      5   -0.0     2.8s
  22  0   0.4724   0.4458   0.4683   0.4724   0.4683        9      8      5   -0.0     3.2s
  23  0   0.4724   0.4537   0.4702   0.4724   0.4702       10      8      5   -0.0     3.0s
  24  0   0.4757   0.4502   0.4702   0.4757   0.4702       13     14      5   -0.0     2.8s
  25  0   0.4757   0.4520   0.4702   0.4757   0.4702       13     14      5   -0.0     2.8s
  26  0   0.4757   0.4540   0.4702   0.4757   0.4702       12     14      5   -0.0     3.0s
  27  0   0.4757   0.4550   0.4708   0.4757   0.4708       12     15      5   -0.0     3.1s
  28  0   0.4757   0.4518   0.4711   0.4757   0.4711       10     15      5   -0.0     3.0s
  29  0   0.4757   0.4546   0.4711   0.4757   0.4711       11     15      5   -0.0     3.1s
  30  0   0.4757   0.4505   0.4711   0.4757   0.4711       10     15      5   -0.0     3.4s
  31  0   0.4757   0.4511   0.4711   0.4757   0.4711       11     15      5   -0.0     3.4s
  32  0   0.4757   0.4560   0.4722   0.4757   0.4722       12     15      5   -0.0     3.5s
  33  0   0.4758   0.4576   0.4725   0.4758   0.4725       11     14      5   -0.0     3.7s
  34  0   0.4758   0.4571   0.4726   0.4758   0.4726       13     14      5   -0.0     3.6s
  35  0   0.4758   0.4583   0.4723   0.4758   0.4723       15     14      5   -0.0     3.6s
  36  0   0.4758   0.4604   0.4728   0.4758   0.4728       15     14      5   -0.0     3.7s
  37  0   0.4758   0.4608   0.4730   0.4758   0.4730       15     14      5   -0.0     4.3s
  38  0   0.4758   0.4590   0.4732   0.4758   0.4732       17     14      5   -0.0     3.7s
  39  0   0.4758   0.4621   0.4735   0.4758   0.4735       18     14      5   -0.0     3.6s
  40  0   0.4758   0.4635   0.4737   0.4758   0.4737       20     14      5   -0.0     3.9s
  41  0   0.4758   0.4608   0.4737   0.4758   0.4737       18     14      5   -0.0     3.6s
  42  0   0.4758   0.4595   0.4737   0.4758   0.4737       19     14      5   -0.0     3.9s
  43  0   0.4804   0.4598   0.4756   0.4804   0.4756       21     18      6   -0.0     4.7s
  44  0   0.4804   0.4612   0.4757   0.4804   0.4757       24     18      6   -0.0     4.0s
  45  0   0.4804   0.4602   0.4757   0.4804   0.4757       24     20      6   -0.0     4.4s
  46  0   0.4804   0.4631   0.4757   0.4804   0.4757       25     20      6   -0.0     4.5s
  47  0   0.4804   0.4618   0.4757   0.4804   0.4757       25     18      6   -0.0     4.9s
  48  0   0.4804   0.4629   0.4757   0.4804   0.4757       24     18      6   -0.0     5.0s
  49  0   0.4804   0.4638   0.4758   0.4804   0.4758       26     18      6   -0.0     4.9s
  50  0   0.4804   0.4690   0.4762   0.4804   0.4762       25     20      7   -0.0     5.1s
  51  0   0.4808   0.4683   0.4804   0.4808   0.4804       25     17      7   -0.0     5.1s
  52  0   0.4808   0.4686   0.4804   0.4808   0.4804       23     17      7   -0.0     4.8s
  53  0   0.4808   0.4688   0.4804   0.4808   0.4804       28     17      7   -0.0     4.9s
  54  0   0.4812   0.4689   0.4804   0.4812   0.4804       29     21     11   -0.0     5.8s
  55  0   0.4813   0.4693   0.4804   0.4813   0.4804       28     19     10   -0.0     5.6s
  56  0   0.4815   0.4692   0.4804   0.4815   0.4804       28     18     11   -0.0     5.4s
  57  0   0.4815   0.4676   0.4804   0.4815   0.4804       29     19     11   -0.0     5.1s
  58  0   0.4819   0.4676   0.4804   0.4819   0.4804       28     16     11   -0.0     5.0s
  59  0   0.4825   0.4704   0.4804   0.4825   0.4804       28     20     10   -0.0     5.6s
  60  0   0.4825   0.4721   0.4805   0.4825   0.4805       26     20     10   -0.0     5.6s
  61  0   0.4826   0.4748   0.4807   0.4826   0.4807       23     22     13   -0.0     5.1s
  62  0   0.4832   0.4740   0.4808   0.4832   0.4808       22     20     14   -0.0     5.2s
  63  0   0.4832   0.4696   0.4808   0.4832   0.4808       15     20     14   -0.0     5.1s
  64  0   0.4832   0.4738   0.4817   0.4832   0.4817       15     20     14   -0.0     5.3s
  65  0   0.4832   0.4694   0.4816   0.4832   0.4816       13     17     12   -0.0     5.2s
  66  0   0.4832   0.4706   0.4817   0.4832   0.4817       14     24     13   -0.0     5.0s
  67  0   0.4832   0.4691   0.4818   0.4832   0.4818       12     24     13   -0.0     5.2s
  68  0   0.4866   0.4698   0.4819   0.4866   0.4819       13     15     12   -0.0     5.4s
  69  0   0.4866   0.4707   0.4828   0.4866   0.4828       13     15     12   -0.0     5.5s
  70  0   0.4866   0.4721   0.4832   0.4866   0.4832       10     15     12   -0.0     5.8s
  71  0   0.4867   0.4704   0.4832   0.4867   0.4832        8     16     15   -0.0     5.6s
  72  0   0.4867   0.4710   0.4832   0.4867   0.4832        9     16     15   -0.0     5.4s
  73  0   0.4873   0.4725   0.4832   0.4873   0.4832        7     18     16   -0.0     5.1s
  74  0   0.4873   0.4708   0.4832   0.4873   0.4832        6     18     16   -0.0     5.0s
  75  0   0.4874   0.4733   0.4866   0.4874   0.4866        5     13     16   -0.0     4.9s
  76  0   0.4874   0.4746   0.4866   0.4874   0.4866        5     13     16   -0.0     4.8s
  77  0   0.4908   0.4762   0.4866   0.4908   0.4866        3     19     17   -0.0     5.2s
  78  0   0.4909   0.4762   0.4867   0.4909   0.4867        5     16     17   -0.0     5.1s
  79  0   0.4909   0.4731   0.4866   0.4909   0.4866        3     16     17   -0.0     5.0s
  80  0   0.4928   0.4753   0.4867   0.4928   0.4867        3     17     16   -0.0     5.6s
  81  0   0.4929   0.4728   0.4867   0.4929   0.4867        5     13     17   -0.0     5.0s
  82  0   0.4929   0.4732   0.4867   0.4929   0.4867        4     13     17   -0.0     4.8s
  83  0   0.4929   0.4752   0.4874   0.4929   0.4874        5     13     17   -0.0     5.1s
  84  0   0.4929   0.4760   0.4874   0.4929   0.4874        4     13     17   -0.0     5.5s
  85  0   0.4929   0.4761   0.4909   0.4929   0.4909        2     13     17   -0.0     5.8s
  86  0   0.4929   0.4789   0.4929   0.4929   0.4929        3     13     17   -0.0     5.5s
  87  0   0.4929   0.4780   0.4929   0.4929   0.4929        2     17     18   -0.0     5.7s
  88  0   0.4929   0.4765   0.4929   0.4929   0.4929        3     17     18   -0.0     5.6s
  89  0   0.4929   0.4785   0.4929   0.4929   0.4929        4     17     18   -0.0     5.2s
  90  0   0.4929   0.4800   0.4929   0.4929   0.4929        5     17     18   -0.0     5.0s
  91  0   0.4942   0.4769   0.4929   0.4942   0.4929        3     15     17   -0.0     5.2s
  92  0   0.4942   0.4763   0.4929   0.4942   0.4929        3     15     17   -0.0     5.4s
  93  0   0.4942   0.4807   0.4929   0.4942   0.4929        3     15     17   -0.0     5.5s
  94  0   0.4942   0.4759   0.4929   0.4942   0.4929        3     17     19   -0.0     5.1s
  95  0   0.4942   0.4785   0.4929   0.4942   0.4929        4     17     19   -0.0     5.0s
  96  0   0.4942   0.4774   0.4929   0.4942   0.4929        5     17     19   -0.0     5.9s
  97  0   0.4942   0.4774   0.4929   0.4942   0.4929        4     14     19   -0.0     6.9s
  98  0   0.4942   0.4769   0.4942   0.4942   0.4942        3     13     19   -0.0     6.3s
  99  0   0.4942   0.4788   0.4942   0.4942   0.4942        4     13     19   -0.0     6.1s
  >>> Phase transition: 0 → 1 at gen 100
 100  1  -0.3634  -0.4497  -0.4544   0.0156  -0.0417        3     12     18   -0.0     1.4s
 101  1  -0.3568  -0.4905  -0.4871   0.0104  -0.0677        4     16     20   -0.0     1.4s
 102  1  -0.3472  -0.4642  -0.4673   0.0000  -0.0885        2     18     22   -0.0     1.2s
 103  1  -0.4151  -0.5012  -0.4920  -0.0990  -0.1354        2     12     22   -0.0     1.1s
 104  1  -0.3439  -0.4357  -0.4241  -0.0052  -0.0781        2     14     22   -0.0     1.3s
 105  1  -0.3433  -0.4507  -0.4493  -0.0312  -0.1094        2     19     23   -0.0     1.2s
 106  1  -0.4057  -0.5092  -0.4939  -0.0417  -0.1302        2     18     24   -0.0     1.2s
 107  1  -0.3346  -0.4474  -0.4501   0.0000  -0.1146        4     22     25   -0.0     1.3s
 108  1  -0.3096  -0.3825  -0.3657   0.0156  -0.0312        3     22     23   -0.0     1.3s
 109  1  -0.3500  -0.4366  -0.4563  -0.0208  -0.0990        4     16     24   -0.0     1.2s
 110  1  -0.2807  -0.3639  -0.3770   0.0365  -0.0469        5     16     25   -0.0     1.3s
 111  1  -0.3651  -0.4435  -0.4432  -0.0312  -0.0938        6     12     25   -0.0     1.2s
 112  1  -0.3910  -0.4803  -0.4664  -0.0312  -0.0833        6     15     27   -0.0     1.1s
 113  1  -0.2885  -0.3838  -0.3690   0.0208  -0.0312        5     19     26   -0.0     1.3s
 114  1  -0.3048  -0.3830  -0.3731   0.0104  -0.0365        4     14     27   -0.0     1.5s
 115  1  -0.3245  -0.3924  -0.3865  -0.0104  -0.0521        4      9     27   -0.0     1.5s
 116  1  -0.3141  -0.4211  -0.4135   0.0208  -0.0677        3     17     29   -0.0     1.5s
 117  1  -0.2876  -0.3611  -0.3553   0.0260  -0.0312        2     13     25   -0.0     1.4s
 118  1  -0.3173  -0.4031  -0.3968  -0.0104  -0.0833        2     13     27   -0.0     1.4s
 119  1  -0.2371  -0.3364  -0.3380   0.0156  -0.0260        3     12     28   -0.0     1.3s
 120  1  -0.4066  -0.5351  -0.5389  -0.0521  -0.1354        1     14     24   -0.0     1.4s
 121  1  -0.4095  -0.5370  -0.5618  -0.0781  -0.1615        1     15     26   -0.0     1.4s
 122  1  -0.3280  -0.4777  -0.5110   0.0052  -0.1354        1     16     26   -0.0     1.7s
 123  1  -0.3744  -0.4668  -0.4416  -0.0469  -0.0885        3     16     26   -0.0     1.2s
 124  1  -0.2704  -0.3573  -0.3281   0.0365  -0.0052        9     18     28   -0.0     1.5s
 125  1  -0.2590  -0.3551  -0.3491   0.0521  -0.0208       15     18     27   -0.0     1.4s
 126  1  -0.2951  -0.4035  -0.3994  -0.0312  -0.0781       20     13     26   -0.0     1.7s
 127  1  -0.3097  -0.4291  -0.4211  -0.0312  -0.0990       28     14     30   -0.0     1.3s
 128  1  -0.3090  -0.3751  -0.3676  -0.0052  -0.0625       30     12     26   -0.0     1.2s
 129  1  -0.3242  -0.3945  -0.3950  -0.0052  -0.0521       34     14     28   -0.0     1.3s
 130  1  -0.3227  -0.4034  -0.3978  -0.0260  -0.0677       38     14     31   -0.0     1.6s
 131  1  -0.3181  -0.3935  -0.3862  -0.0312  -0.0573       38     17     29   -0.0     1.2s
 132  1  -0.2886  -0.3579  -0.3534  -0.0156  -0.0521       49     13     30   -0.0     1.4s
 133  1  -0.3047  -0.3634  -0.3603   0.0260  -0.0469       53     12     28   -0.0     1.0s
 134  1  -0.3189  -0.4073  -0.4026  -0.0312  -0.0781       51     16     30   -0.0     1.1s
 135  1  -0.2476  -0.3196  -0.3142   0.0417  -0.0104       63     17     33   -0.0     1.2s
 136  1  -0.2787  -0.3622  -0.3570  -0.0208  -0.0625       72     17     33   -0.0     1.3s
 137  1  -0.3263  -0.3912  -0.3915  -0.0208  -0.1042       67     10     29   -0.0     1.2s
 138  1  -0.2326  -0.3445  -0.3437   0.0521  -0.0677       63     14     28   -0.0     1.2s
 139  1  -0.3077  -0.3673  -0.3639  -0.0104  -0.0729       60     10     30   -0.0     1.2s
 140  1  -0.2389  -0.3571  -0.3529   0.0156  -0.0625       67     16     28   -0.0     1.2s
 141  1  -0.2393  -0.3244  -0.3214   0.0417  -0.0156       72      9     31   -0.0     1.4s
 142  1  -0.2897  -0.3672  -0.3631  -0.0365  -0.0833       75     13     29   -0.0     1.3s
 143  1  -0.3044  -0.4225  -0.4217  -0.0521  -0.1250       72     12     30   -0.0     1.1s
 144  1  -0.2866  -0.3472  -0.3499  -0.0260  -0.0573       66     18     34   -0.0     1.2s
 145  1  -0.2503  -0.3186  -0.3223   0.0104  -0.0312       67      6     31   -0.0     1.2s
 146  1  -0.2560  -0.3343  -0.3304   0.0000  -0.0547       62     16     34   -0.0     1.3s
 147  1  -0.2528  -0.3597  -0.3468   0.0104  -0.0677       66      7     32   -0.0     1.3s
 148  1  -0.2957  -0.3413  -0.3393   0.0365  -0.0208       62     13     31   -0.0     1.3s
 149  1  -0.2772  -0.3616  -0.3671   0.0312  -0.0677       61     11     33   -0.0     1.2s
 150  1  -0.3406  -0.4014  -0.3965  -0.0469  -0.0938       65      7     31   -0.0     1.2s
 151  1  -0.2773  -0.3659  -0.3605  -0.0573  -0.0833       65      6     35   -0.0     1.2s
 152  1  -0.3016  -0.3785  -0.3776  -0.0312  -0.1146       66     12     36   -0.0     1.2s
 153  1  -0.2831  -0.3482  -0.3415  -0.0052  -0.0521       58      6     34   -0.0     1.2s
 154  1  -0.2466  -0.3101  -0.3013  -0.0208  -0.0521       68      4     31   -0.0     1.3s
 155  1  -0.3088  -0.3908  -0.3803  -0.0260  -0.0990       68     17     35   -0.0     1.3s
 156  1  -0.2813  -0.3772  -0.3851  -0.0208  -0.1354       66     18     31   -0.0     1.3s
 157  1  -0.2916  -0.3652  -0.3646   0.0052  -0.0833       62     12     36   -0.0     1.3s
 158  1  -0.3237  -0.4064  -0.4067  -0.0260  -0.1563       62     14     28   -0.0     1.4s
 159  1  -0.3429  -0.4037  -0.4069  -0.0469  -0.1250       63     12     36   -0.0     1.3s
 160  1  -0.2914  -0.3817  -0.3748  -0.0104  -0.1042       70      9     35   -0.0     1.3s
 161  1  -0.2739  -0.3415  -0.3376  -0.0208  -0.1094       61     17     35   -0.0     1.5s
 162  1  -0.2953  -0.3630  -0.3600  -0.0417  -0.1042       70     14     28   -0.0     1.2s
 163  1  -0.2964  -0.3936  -0.3938  -0.0312  -0.1615       71     18     31   -0.0     1.1s
 164  1  -0.2658  -0.3555  -0.3800  -0.0156  -0.1120       65      6     39   -0.0     1.1s
 165  1  -0.3165  -0.3665  -0.3436  -0.0625  -0.1250       67      9     35   -0.0     1.1s
 166  1  -0.2934  -0.4055  -0.3937   0.0000  -0.1354       70     12     36   -0.0     1.0s
 167  1  -0.2877  -0.3966  -0.4122  -0.0052  -0.1562       66      9     35   -0.0     1.1s
 168  1  -0.2970  -0.3575  -0.3482  -0.0469  -0.1250       74      4     32   -0.0     1.3s
 169  1  -0.3011  -0.3734  -0.3751  -0.0208  -0.1198       70      4     37   -0.0     1.3s
 170  1  -0.2824  -0.3411  -0.3540  -0.0156  -0.1146       70      3     37   -0.0     1.4s
 171  1  -0.3046  -0.3547  -0.3576  -0.0469  -0.1146       69      1     37   -0.0     1.3s
 172  1  -0.3470  -0.4320  -0.4349  -0.0417  -0.1354       69     13     36   -0.0     1.4s
 173  1  -0.3181  -0.3779  -0.3739  -0.0208  -0.1146       72     13     36   -0.0     1.2s
 174  1  -0.2515  -0.4147  -0.4249   0.0365  -0.1927       70      9     35   -0.0     1.3s
 175  1  -0.2529  -0.3581  -0.3480   0.0469  -0.0729       77     14     37   -0.0     1.1s
 176  1  -0.2447  -0.3713  -0.3724   0.0260  -0.1198       71     14     37   -0.0     1.1s
 177  1  -0.3364  -0.4140  -0.4213  -0.0625  -0.1510       72      5     36   -0.0     1.2s
 178  1  -0.2969  -0.3712  -0.3726  -0.0469  -0.1406       74      5     38   -0.0     1.4s
 179  1  -0.3241  -0.3656  -0.3591  -0.0521  -0.1302       71      6     39   -0.0     1.2s
 180  1  -0.2874  -0.3647  -0.3572  -0.0312  -0.1302       69      5     39   -0.0     1.2s
 181  1  -0.3531  -0.4351  -0.4424  -0.0469  -0.1615       71     12     36   -0.0     1.5s
 182  1  -0.2787  -0.3377  -0.3375  -0.0312  -0.0990       73      7     38   -0.0     1.5s
 183  1  -0.2354  -0.3487  -0.3682   0.0365  -0.1094       77     12     36   -0.0     1.4s
 184  1  -0.3535  -0.4042  -0.3955  -0.1198  -0.1510       78      4     38   -0.0     1.3s
 185  1  -0.2689  -0.3495  -0.3480   0.0052  -0.1094       78      6     40   -0.0     1.2s
 186  1  -0.3244  -0.4039  -0.4081  -0.0781  -0.1875       83     13     42   -0.0     1.0s
 187  1  -0.2791  -0.3553  -0.3632   0.0000  -0.1198       85     11     42   -0.0     1.1s
 188  1  -0.2660  -0.3297  -0.3121   0.0156  -0.0573       85     10     31   -0.0     1.1s
 189  1  -0.3618  -0.4342  -0.4423  -0.0885  -0.1927       83     13     36   -0.0     1.1s
 190  1  -0.2014  -0.2856  -0.2864   0.0417  -0.0365       77      6     38   -0.0     1.2s
 191  1  -0.3163  -0.3983  -0.3902  -0.0365  -0.1198       80      4     37   -0.0     1.2s
 192  1  -0.2892  -0.3758  -0.3538  -0.0208  -0.0625       84      9     42   -0.0     1.0s
 193  1  -0.2619  -0.3741  -0.3750  -0.0156  -0.1250       88      5     38   -0.0     1.1s
 194  1  -0.2798  -0.3309  -0.3297  -0.0312  -0.0885       86      7     38   -0.0     1.2s
 195  1  -0.3286  -0.3918  -0.3927  -0.0521  -0.1094       84      8     40   -0.0     1.1s
 196  1  -0.2695  -0.3671  -0.3749  -0.0469  -0.1198       84      6     41   -0.0     1.0s
 197  1  -0.2974  -0.3842  -0.3803  -0.0156  -0.1042       85      5     39   -0.0     1.1s
 198  1  -0.3194  -0.4051  -0.4128  -0.0156  -0.1198       89     12     36   -0.0     1.2s
 199  1  -0.2666  -0.3584  -0.3611   0.0104  -0.1146       88     12     36   -0.0     1.4s
 200  1  -0.2985  -0.3767  -0.3975  -0.0104  -0.1120       89     12     36   -0.0     1.2s
 201  1  -0.3113  -0.3947  -0.4040  -0.0312  -0.1302       85     10     39   -0.0     1.1s
 202  1  -0.3200  -0.3786  -0.3738  -0.0677  -0.1302       81     11     40   -0.0     1.1s
 203  1  -0.3098  -0.3628  -0.3620  -0.0885  -0.1094       83      1     38   -0.0     1.1s
 204  1  -0.2548  -0.3654  -0.3613   0.0156  -0.1198       78     14     37   -0.0     1.4s
 205  1  -0.2510  -0.3710  -0.3611   0.0000  -0.1250       79      6     39   -0.0     1.5s
 206  1  -0.3587  -0.4317  -0.4297  -0.0521  -0.1250       77     12     40   -0.0     1.2s
 207  1  -0.2810  -0.3371  -0.3398  -0.0573  -0.0833       79      7     39   -0.0     1.3s
 208  1  -0.3068  -0.3846  -0.3751  -0.0260  -0.1042       84      5     39   -0.0     1.3s
 209  1  -0.2650  -0.3357  -0.3324   0.0000  -0.0833       79     12     36   -0.0     1.3s
 210  1  -0.3383  -0.3943  -0.3853  -0.0625  -0.1302       83     15     38   -0.0     1.1s
 211  1  -0.3184  -0.3872  -0.3985  -0.0052  -0.1250       82      4     38   -0.0     1.2s
 212  1  -0.2851  -0.3490  -0.3431  -0.0052  -0.0625       83      5     40   -0.0     1.2s
 213  1  -0.2641  -0.3842  -0.3957   0.0156  -0.1146       77     10     39   -0.0     1.2s
 214  1  -0.2279  -0.3298  -0.3275   0.0208  -0.0885       79      5     38   -0.0     1.1s
 215  1  -0.2745  -0.3428  -0.3324   0.0208  -0.0625       84      8     40   -0.0     1.0s
 216  1  -0.2489  -0.3578  -0.3707  -0.0052  -0.1198       73     10     41   -0.0     1.0s
 217  1  -0.3093  -0.3759  -0.3710  -0.0521  -0.1510       85     13     41   -0.0     1.2s
 218  1  -0.3076  -0.4245  -0.4465   0.0052  -0.1458       80     10     39   -0.0     1.1s
 219  1  -0.3271  -0.4537  -0.4725  -0.0156  -0.2188       77      2     37   -0.0     1.3s
 220  1  -0.3143  -0.3809  -0.3791  -0.0104  -0.0833       74      5     39   -0.0     1.3s
 221  1  -0.2934  -0.4179  -0.4240  -0.0208  -0.1458       75      5     38   -0.0     1.3s
 222  1  -0.2860  -0.3757  -0.3775  -0.0625  -0.1302       56      2     38   -0.0     1.2s
 223  1  -0.2572  -0.3469  -0.3434  -0.0052  -0.1198       59      7     40   -0.0     1.3s
 224  1  -0.2973  -0.3899  -0.3780  -0.0104  -0.0885       60     12     42   -0.0     1.2s
 225  1  -0.2961  -0.3656  -0.3696  -0.0469  -0.1354       62      6     39   -0.0     1.3s
 226  1  -0.3344  -0.4110  -0.4111  -0.1042  -0.1510       65      2     38   -0.0     1.2s
 227  1  -0.2809  -0.3764  -0.3871   0.0156  -0.0990       74      3     37   -0.0     1.2s
 228  1  -0.2653  -0.3561  -0.3558  -0.0156  -0.1250       75     11     40   -0.0     1.3s
 229  1  -0.3286  -0.4018  -0.3883  -0.0208  -0.0990       72     13     42   -0.0     1.5s
 230  1  -0.2728  -0.3858  -0.3907  -0.0521  -0.1354       72      5     40   -0.0     1.2s
 231  1  -0.2819  -0.3508  -0.3548  -0.0208  -0.1094       70      8     40   -0.0     1.2s
 232  1  -0.2994  -0.4100  -0.3922  -0.0469  -0.1667       80     11     40   -0.0     1.1s
 233  1  -0.2858  -0.4098  -0.4200   0.0000  -0.1510       79      9     39   -0.0     1.1s
 234  1  -0.3431  -0.4183  -0.4057  -0.0312  -0.1406       80      6     39   -0.0     1.1s
 235  1  -0.2984  -0.3618  -0.3544  -0.0469  -0.1198       77      5     39   -0.0     1.1s
 236  1  -0.2914  -0.3761  -0.3722   0.0052  -0.1146       77      8     40   -0.0     1.3s
 237  1  -0.2434  -0.3676  -0.3606   0.0052  -0.1354       78     13     42   -0.0     1.0s
 238  1  -0.3136  -0.3883  -0.3906  -0.0573  -0.1562       79      5     39   -0.0     1.1s
 239  1  -0.3201  -0.4011  -0.3936  -0.0729  -0.1458       78     14     43   -0.0     1.1s
 240  1  -0.3506  -0.4573  -0.4657  -0.0729  -0.2135       71     13     42   -0.0     1.2s
 241  1  -0.3555  -0.4037  -0.3911  -0.1042  -0.1615       80     13     42   -0.0     1.3s
 242  1  -0.3521  -0.4129  -0.4101  -0.0677  -0.1198       77      4     40   -0.0     1.2s
 243  1  -0.2187  -0.3517  -0.3369   0.0365  -0.0990       78     14     43   -0.0     1.4s
 244  1  -0.3023  -0.3747  -0.3674  -0.0469  -0.1094       85      3     38   -0.0     1.1s
 245  1  -0.2754  -0.3281  -0.3204  -0.0521  -0.0990       87      4     40   -0.0     1.2s
 246  1  -0.3381  -0.4060  -0.3929  -0.0781  -0.1719       84     17     43   -0.0     1.3s
 247  1  -0.2353  -0.3636  -0.3553   0.0260  -0.1302       79     17     43   -0.0     1.4s
 248  1  -0.3270  -0.3957  -0.3944  -0.0833  -0.1667       80      7     40   -0.0     1.2s
 249  1  -0.3061  -0.3892  -0.3799  -0.0260  -0.1198       81     14     43   -0.0     1.2s
 250  1  -0.3396  -0.4447  -0.4545  -0.0260  -0.1562       76     12     42   -0.0     1.3s
 251  1  -0.3540  -0.4356  -0.4251  -0.1094  -0.1927       78     17     44   -0.0     1.3s
 252  1  -0.2511  -0.3122  -0.3010   0.0000  -0.0729       76     14     43   -0.0     1.2s
 253  1  -0.2690  -0.3239  -0.3268  -0.0417  -0.0833       79      5     40   -0.0     1.4s
 254  1  -0.2231  -0.3608  -0.3577   0.0260  -0.1302       78     17     45   -0.0     1.3s
 255  1  -0.3032  -0.4021  -0.3923   0.0104  -0.1354       80     12     44   -0.0     1.2s
 256  1  -0.2495  -0.3936  -0.4060   0.0260  -0.1510       77     17     44   -0.0     1.3s
 257  1  -0.2890  -0.3469  -0.3297  -0.0156  -0.0729       79     14     44   -0.0     1.2s
 258  1  -0.3212  -0.4060  -0.3927  -0.0260  -0.1354       80      2     38   -0.0     1.2s
 259  1  -0.2367  -0.3197  -0.3134   0.0052  -0.0885       80     17     44   -0.0     1.3s
 260  1  -0.2850  -0.3709  -0.3874   0.0000  -0.1302       80     17     44   -0.0     1.1s
 261  1  -0.3657  -0.4156  -0.4127  -0.0938  -0.1510       80     19     46   -0.0     1.2s
 262  1  -0.3187  -0.3830  -0.3957  -0.0260  -0.1406       83      9     45   -0.0     1.1s
 263  1  -0.3184  -0.3988  -0.4005  -0.0365  -0.1406       83     18     44   -0.0     1.0s
 264  1  -0.3135  -0.3741  -0.3647  -0.0729  -0.1406       87     15     42   -0.0     1.1s
 265  1  -0.2422  -0.3176  -0.3236   0.0052  -0.0938       91     17     44   -0.0     1.2s
 266  1  -0.2453  -0.3890  -0.3955   0.0312  -0.1354       93     19     46   -0.0     1.2s
 267  1  -0.3174  -0.4034  -0.4124  -0.0365  -0.1510       90     18     44   -0.0     1.1s
 268  1  -0.2922  -0.3680  -0.3616  -0.0469  -0.1354       92     19     44   -0.0     1.1s
 269  1  -0.3052  -0.3740  -0.3698  -0.0781  -0.1198       85      3     38   -0.0     1.1s
 270  1  -0.2782  -0.3760  -0.3745   0.0312  -0.1198       86     11     44   -0.0     1.1s
 271  1  -0.3255  -0.4173  -0.4423  -0.0208  -0.1510       88     18     45   -0.0     1.0s
 272  1  -0.2869  -0.3815  -0.3868  -0.0052  -0.1250       88     15     43   -0.0     1.1s
 273  1  -0.2671  -0.3416  -0.3406  -0.0208  -0.1146       88     14     44   -0.0     1.1s
 274  1  -0.2834  -0.4144  -0.4153  -0.0104  -0.1615       89     18     45   -0.0     1.0s
 275  1  -0.3258  -0.4191  -0.4186  -0.0521  -0.1615       89     15     42   -0.0     1.0s
 276  1  -0.3507  -0.3966  -0.3977  -0.0365  -0.1042       90      2     38   -0.0     1.1s
 277  1  -0.3418  -0.4424  -0.4393  -0.0573  -0.1667       90     18     45   -0.0     1.0s
 278  1  -0.2179  -0.3095  -0.2994   0.0312  -0.0625       47     16     47   -0.0     1.0s
 279  1  -0.3347  -0.4089  -0.3977  -0.0938  -0.1510       50     24     46   -0.0     1.2s
 280  1  -0.2875  -0.3713  -0.3669  -0.0365  -0.1302       48     24     47   -0.0     1.2s
 281  1  -0.2674  -0.3685  -0.3748   0.0052  -0.1042       51     14     44   -0.0     0.9s
 282  1  -0.2877  -0.3415  -0.3341  -0.0417  -0.0990       52     24     47   -0.0     1.0s
 283  1  -0.3833  -0.4565  -0.4471  -0.1042  -0.1875       55     14     43   -0.0     1.2s
 284  1  -0.2860  -0.3636  -0.3513  -0.0104  -0.0833       56     17     47   -0.0     1.3s
 285  1  -0.2843  -0.3865  -0.3809  -0.0417  -0.1510       53     21     47   -0.0     1.3s
 286  1  -0.3338  -0.4020  -0.4081  -0.0521  -0.1250       55     19     45   -0.0     1.3s
 287  1  -0.2524  -0.3472  -0.3412  -0.0052  -0.1042       56     17     47   -0.0     1.4s
 288  1  -0.2929  -0.3782  -0.3744  -0.0208  -0.0990       62      9     41   -0.0     1.3s
 289  1  -0.2708  -0.3565  -0.3583  -0.0260  -0.1250       61     16     45   -0.0     1.2s
 290  1  -0.2643  -0.3280  -0.3231  -0.0104  -0.0521       62      5     41   -0.0     1.2s
 291  1  -0.2330  -0.3488  -0.3443   0.0260  -0.1042       58     19     45   -0.0     1.2s
 292  1  -0.2861  -0.3921  -0.3854  -0.0104  -0.1198       61     15     46   -0.0     1.1s
 293  1  -0.3077  -0.3823  -0.3861  -0.0208  -0.0938       64     17     47   -0.0     1.1s
 294  1  -0.2872  -0.3555  -0.3527  -0.0573  -0.0938       66      9     39   -0.0     1.1s
 295  1  -0.3104  -0.3942  -0.3902  -0.0417  -0.1198       69     19     50   -0.0     1.2s
 296  1  -0.3259  -0.4083  -0.4030  -0.0208  -0.1042       69     23     47   -0.0     1.0s
 297  1  -0.2774  -0.3699  -0.3619   0.0052  -0.0885       69     15     45   -0.0     1.1s
 298  1  -0.2914  -0.3710  -0.3739  -0.0156  -0.1094       70     23     52   -0.0     1.0s
 299  1  -0.2498  -0.3278  -0.3282   0.0000  -0.0885       76     25     53   -0.0     1.0s
 300  1  -0.2659  -0.3476  -0.3462   0.0156  -0.0677       76     22     51   -0.0     1.0s
 301  1  -0.2817  -0.3584  -0.3490  -0.0052  -0.0938       72     22     52   -0.0     1.0s
 302  1  -0.1925  -0.2988  -0.2946   0.0521  -0.0573       75     16     48   -0.0     1.1s
 303  1  -0.3409  -0.4056  -0.4054  -0.0365  -0.1094       73     17     45   -0.0     1.1s
 304  1  -0.2230  -0.2870  -0.2846   0.0260  -0.0469       75     21     52   -0.0     1.1s
 305  1  -0.2275  -0.3317  -0.3318   0.0208  -0.0833       73     14     48   -0.0     1.0s
 306  1  -0.2127  -0.3188  -0.3187   0.0312  -0.0781       68     26     53   -0.0     1.1s
 307  1  -0.2543  -0.3172  -0.3142  -0.0104  -0.0729       70     18     45   -0.0     1.0s
 308  1  -0.2767  -0.3470  -0.3427  -0.0312  -0.1094       65     16     45   -0.0     1.1s
 309  1  -0.2417  -0.3161  -0.3233   0.0052  -0.0781       69     17     48   -0.0     1.2s
 310  1  -0.2429  -0.3342  -0.3299   0.0000  -0.1042       70     16     48   -0.0     1.1s
 311  1  -0.1855  -0.2883  -0.2946   0.0625  -0.0469       69     17     49   -0.0     1.1s
 312  1  -0.2705  -0.3394  -0.3397  -0.0208  -0.0885       70     15     45   -0.0     1.3s
 313  1  -0.2779  -0.3743  -0.3651   0.0052  -0.0781       73     26     54   -0.0     1.1s
 314  1  -0.3571  -0.4489  -0.4521  -0.0833  -0.1823       75     31     55   -0.0     0.9s
 315  1  -0.2991  -0.3802  -0.3902  -0.0469  -0.1510       77     16     46   -0.0     1.1s
 316  1  -0.2793  -0.3433  -0.3347   0.0260  -0.0260       73     20     49   -0.0     1.0s
 317  1  -0.2978  -0.3741  -0.3706  -0.0417  -0.1250       73     13     53   -0.0     1.0s
 318  1  -0.2900  -0.3628  -0.3687  -0.0469  -0.1172       72     14     51   -0.0     1.0s
 319  1  -0.2284  -0.3247  -0.3198   0.0208  -0.0729       66     19     51   -0.0     1.5s
 320  1  -0.2395  -0.3358  -0.3308   0.0052  -0.0885       64     16     53   -0.0     1.3s
 321  1  -0.3020  -0.3734  -0.3720  -0.0573  -0.1354       67     19     51   -0.0     1.2s
 322  1  -0.2809  -0.3502  -0.3377  -0.0052  -0.0781       72     21     52   -0.0     1.3s
 323  1  -0.2899  -0.3574  -0.3519  -0.0052  -0.0885       72     20     49   -0.0     1.3s
 324  1  -0.3184  -0.4019  -0.3851  -0.0677  -0.1302       70     23     51   -0.0     1.4s
 325  1  -0.2872  -0.3710  -0.3854  -0.0260  -0.1354       69     20     49   -0.0     1.3s
 326  1  -0.2171  -0.3451  -0.3471   0.0573  -0.0625       69     16     52   -0.0     1.3s
 327  1  -0.3052  -0.3732  -0.3796  -0.0260  -0.0990       70     18     47   -0.0     1.3s
 328  1  -0.3241  -0.4048  -0.3861  -0.0417  -0.1094       58     16     55   -0.0     1.1s
 329  1  -0.2448  -0.3155  -0.3080   0.0000  -0.0625       66     15     52   -0.0     1.3s
 330  1  -0.3469  -0.4104  -0.4115  -0.0417  -0.1042       67     19     50   -0.0     1.2s
 331  1  -0.2491  -0.3284  -0.3242   0.0312  -0.0573       66     27     55   -0.0     1.2s
 332  1  -0.3018  -0.3725  -0.3720  -0.0573  -0.1302       68     19     51   -0.0     1.3s
 333  1  -0.2197  -0.3169  -0.3292   0.0260  -0.1042       68     13     52   -0.0     1.3s
 334  1  -0.2968  -0.3693  -0.3660  -0.0469  -0.1302       67     13     53   -0.0     1.1s
 335  1  -0.2473  -0.3395  -0.3380   0.0000  -0.0938       71     16     46   -0.0     1.3s
 336  1  -0.2556  -0.3321  -0.3334   0.0312  -0.0469       75     19     48   -0.0     1.1s
 337  1  -0.2756  -0.3653  -0.3726  -0.0521  -0.1250       67      3     42   -0.0     1.2s
 338  1  -0.3433  -0.4097  -0.4069  -0.0469  -0.1094       71     14     54   -0.0     1.1s
 339  1  -0.2616  -0.3528  -0.3545  -0.0156  -0.1094       75     16     55   -0.0     1.1s
 340  1  -0.2725  -0.3463  -0.3455  -0.0104  -0.0781       74      3     44   -0.0     1.3s
 341  1  -0.3484  -0.4108  -0.4193  -0.0729  -0.1458       76     23     53   -0.0     1.1s
 342  1  -0.2502  -0.3412  -0.3368   0.0000  -0.0938       78     14     55   -0.0     1.1s
 343  1  -0.2450  -0.3149  -0.3169   0.0000  -0.0781       78     16     54   -0.0     1.2s
 344  1  -0.3310  -0.3943  -0.3874  -0.0260  -0.0833       76     12     54   -0.0     1.1s
 345  1  -0.2147  -0.3074  -0.3044   0.0312  -0.0729       72     18     54   -0.0     1.1s
 346  1  -0.2819  -0.4142  -0.4110  -0.0052  -0.1354       76     15     54   -0.0     1.3s
 347  1  -0.2969  -0.4055  -0.4061  -0.0521  -0.1562       78     15     54   -0.0     1.4s
 348  1  -0.3539  -0.4159  -0.4079  -0.0781  -0.1354       79     15     53   -0.0     1.2s
 349  1  -0.2974  -0.3947  -0.3921  -0.0156  -0.1094       80     16     54   -0.0     1.1s
 350  1  -0.2653  -0.3336  -0.3341   0.0156  -0.0521       83     25     53   -0.0     1.5s
 351  1  -0.2892  -0.3701  -0.3727  -0.0052  -0.0885       82      4     44   -0.0     1.4s
 352  1  -0.2182  -0.3092  -0.3009   0.0260  -0.0573       81     10     55   -0.0     1.6s
 353  1  -0.2791  -0.3683  -0.3632  -0.0365  -0.1146       79     14     54   -0.0     1.1s
 354  1  -0.3032  -0.3692  -0.3609   0.0052  -0.0521       80     17     53   -0.0     1.0s
 355  1  -0.2536  -0.3134  -0.3108  -0.0052  -0.0625       75     17     48   -0.0     1.0s
 356  1  -0.2529  -0.3372  -0.3386   0.0052  -0.0833       79      5     44   -0.0     1.0s
 357  1  -0.2818  -0.3794  -0.3764  -0.0052  -0.0938       78     10     55   -0.0     1.0s
 358  1  -0.3528  -0.4166  -0.4036  -0.0469  -0.0990       78     16     52   -0.0     1.1s
 359  1  -0.2514  -0.3302  -0.3320   0.0000  -0.0729       68     14     53   -0.0     1.1s
 360  1  -0.3078  -0.3846  -0.3878  -0.0260  -0.1042       73     13     53   -0.0     1.1s
 361  1  -0.2954  -0.3866  -0.3775  -0.0469  -0.1302       74     19     49   -0.0     1.0s
 362  1  -0.2045  -0.3065  -0.3020   0.0417  -0.0521       79     12     56   -0.0     1.0s
 363  1  -0.2671  -0.3503  -0.3492  -0.0208  -0.0938       71     19     49   -0.0     1.1s
 364  1  -0.2973  -0.3639  -0.3631   0.0104  -0.0781       74      2     41   -0.0     1.0s
 365  1  -0.3244  -0.3846  -0.3818  -0.0417  -0.0938       71     18     57   -0.0     1.1s
 366  1  -0.3037  -0.3847  -0.3854  -0.0573  -0.1250       71     11     55   -0.0     1.0s
 367  1  -0.2136  -0.3503  -0.3522   0.0312  -0.1042       66     14     52   -0.0     1.0s
 368  1  -0.2625  -0.3352  -0.3373   0.0156  -0.0417       60     30     56   -0.0     1.0s
 369  1  -0.2222  -0.3161  -0.3246   0.0312  -0.0729       63     12     58   -0.0     1.3s
 370  1  -0.2608  -0.3356  -0.3298   0.0156  -0.0521       65     17     58   -0.0     1.1s
 371  1  -0.2950  -0.3479  -0.3358  -0.0208  -0.0521       58     11     56   -0.0     1.2s
 372  1  -0.2790  -0.3203  -0.3100  -0.0312  -0.0521       57     17     55   -0.0     1.1s
 373  1  -0.3326  -0.3960  -0.3909  -0.0573  -0.1094       57     14     54   -0.0     1.2s
 374  1  -0.2811  -0.3551  -0.3535  -0.0260  -0.0938       59     14     61   -0.0     1.2s
 375  1  -0.3067  -0.3721  -0.3651  -0.0417  -0.1042       69     15     61   -0.0     1.3s
 376  1  -0.2939  -0.3647  -0.3631  -0.0156  -0.0729       71     12     60   -0.0     1.2s
 377  1  -0.2879  -0.3555  -0.3545   0.0156  -0.0938       74      6     44   -0.0     1.0s
 378  1  -0.3670  -0.4273  -0.4150  -0.0625  -0.1094       76     12     54   -0.0     1.0s
 379  1  -0.3086  -0.3953  -0.3942  -0.0677  -0.1250       77     16     57   -0.0     1.2s
 380  1  -0.2182  -0.3091  -0.3020   0.0312  -0.0417       75     15     55   -0.0     1.0s
 381  1  -0.2769  -0.3450  -0.3373  -0.0260  -0.0781       72     15     55   -0.0     1.2s
 382  1  -0.3157  -0.3703  -0.3643  -0.0677  -0.1042       73     14     52   -0.0     1.1s
 383  1  -0.2786  -0.3371  -0.3343   0.0052  -0.0260       76     16     63   -0.0     1.1s
 384  1  -0.2910  -0.3590  -0.3506  -0.0156  -0.0677       75     18     55   -0.0     1.2s
 385  1  -0.3211  -0.4066  -0.3922  -0.0469  -0.1094       76     15     55   -0.0     1.2s
 386  1  -0.2845  -0.3464  -0.3472  -0.0104  -0.0469       77     14     56   -0.0     1.2s
 387  1  -0.3375  -0.3905  -0.3867  -0.0104  -0.0990       74      8     46   -0.0     1.3s
 388  1  -0.2927  -0.3654  -0.3616   0.0104  -0.0469       67      1     41   -0.0     1.0s
 389  1  -0.2764  -0.3415  -0.3399   0.0312  -0.0417       73      1     41   -0.0     1.1s
 390  1  -0.2729  -0.3415  -0.3292   0.0365  -0.0729       75     11     46   -0.0     1.0s
 391  1  -0.3224  -0.3996  -0.3933  -0.0729  -0.1094       75     16     54   -0.0     1.0s
 392  1  -0.2673  -0.3327  -0.3315  -0.0156  -0.0469       66      5     41   -0.0     1.0s
 393  1  -0.3123  -0.3841  -0.3850  -0.0104  -0.0885       66      7     43   -0.0     1.0s
 394  1  -0.3073  -0.3875  -0.3841  -0.0625  -0.1042       70     19     55   -0.0     1.0s
 395  1  -0.2769  -0.3236  -0.3161  -0.0156  -0.0365       61     14     64   -0.0     1.3s
 396  1  -0.2634  -0.3499  -0.3559  -0.0156  -0.0625       66     16     57   -0.0     1.1s
 397  1  -0.2675  -0.3329  -0.3321   0.0365  -0.0729       70      9     48   -0.0     1.0s
 398  1  -0.2964  -0.3785  -0.3861  -0.0208  -0.0885       71      2     41   -0.0     1.1s
 399  1  -0.2763  -0.3602  -0.3627   0.0260  -0.0833       69      5     46   -0.0     1.1s
 400  1  -0.2756  -0.3531  -0.3629  -0.0208  -0.0625       69      6     41   -0.0     1.1s
 401  1  -0.2413  -0.3568  -0.3616   0.0365  -0.0521       72     12     56   -0.0     1.1s
 402  1  -0.2525  -0.3446  -0.3516  -0.0052  -0.0677       70     13     64   -0.0     1.0s
 403  1  -0.2760  -0.3566  -0.3590   0.0000  -0.0521       74     18     60   -0.0     1.0s
 404  1  -0.3075  -0.3567  -0.3522   0.0260  -0.0469       75      4     49   -0.0     1.0s
 405  1  -0.2614  -0.3352  -0.3310   0.0365  -0.0469       77      5     46   -0.0     0.9s
 406  1  -0.2993  -0.3590  -0.3564  -0.0208  -0.0677       67      2     43   -0.0     1.0s
 407  1  -0.3196  -0.3781  -0.3734   0.0000  -0.0885       72      5     49   -0.0     1.0s
 408  1  -0.3508  -0.4202  -0.4174  -0.0365  -0.1042       68     10     45   -0.0     0.9s
 409  1  -0.2858  -0.3663  -0.3663   0.0156  -0.0833       69      8     46   -0.0     1.0s
 410  1  -0.3050  -0.3720  -0.3665  -0.0104  -0.0885       76      4     49   -0.0     0.9s
 411  1  -0.3352  -0.4032  -0.4078  -0.0938  -0.1094       69      6     48   -0.0     0.9s
 412  1  -0.3342  -0.4004  -0.3908  -0.0365  -0.0677       70     14     61   -0.0     0.9s
 413  1  -0.2956  -0.3727  -0.3698  -0.0156  -0.0677       73     10     51   -0.0     0.9s
 414  1  -0.2634  -0.3488  -0.3502   0.0677  -0.0312       71      2     44   -0.0     1.0s
 415  1  -0.3889  -0.4336  -0.4244  -0.0573  -0.0990       69      3     48   -0.0     0.9s
 416  1  -0.2479  -0.3229  -0.3205   0.0417   0.0052       67     14     61   -0.0     1.0s
 417  1  -0.2626  -0.3292  -0.3338  -0.0208  -0.0417       66     17     62   -0.0     1.0s
 418  1  -0.2755  -0.3391  -0.3424  -0.0208  -0.0469       68     14     61   -0.0     1.0s
 419  1  -0.3291  -0.3903  -0.4007  -0.0052  -0.0729       73      6     50   -0.0     0.9s
 420  1  -0.2896  -0.3901  -0.3892  -0.0365  -0.1094       70      4     41   -0.0     1.0s
 421  1  -0.2579  -0.3467  -0.3472   0.0156  -0.0417       72     14     61   -0.0     0.9s
 422  1  -0.2624  -0.3446  -0.3422   0.0000  -0.0521       73     14     61   -0.0     1.0s
 423  1  -0.2733  -0.3291  -0.3234   0.0052  -0.0260       67      1     43   -0.0     1.1s
 424  1  -0.3023  -0.3573  -0.3526  -0.0521  -0.0521       72      2     44   -0.0     0.9s
 425  1  -0.2432  -0.3165  -0.3138   0.0469  -0.0312       78      9     52   -0.0     1.0s
 426  1  -0.2582  -0.3174  -0.3108   0.0365  -0.0156       72      4     50   -0.0     1.2s
 427  1  -0.2822  -0.3304  -0.3225  -0.0312  -0.0260       70      4     43   -0.0     1.2s
 428  1  -0.2335  -0.3228  -0.3247   0.0260  -0.0365       71     14     61   -0.0     1.2s
 429  1  -0.2820  -0.3356  -0.3245   0.0052  -0.0365       66     11     50   -0.0     1.3s
 430  1  -0.3091  -0.3813  -0.3864  -0.0208  -0.0938       64      5     50   -0.0     1.5s
 431  1  -0.2857  -0.3453  -0.3473   0.0052  -0.0469       63     11     50   -0.0     1.4s
 432  1  -0.2541  -0.3073  -0.3105  -0.0052  -0.0052       66     15     64   -0.0     1.3s
 433  1  -0.3125  -0.3579  -0.3564  -0.0260  -0.0469       69     14     61   -0.0     1.4s
 434  1  -0.2800  -0.3740  -0.3780  -0.0052  -0.0573       70      4     44   -0.0     1.3s
 435  1  -0.3652  -0.4241  -0.4233  -0.0625  -0.0885       73     14     61   -0.0     1.4s
 436  1  -0.2471  -0.3295  -0.3303   0.0052  -0.0312       72     15     61   -0.0     1.5s
 437  1  -0.2803  -0.3682  -0.3657  -0.0052  -0.0469       70     17     62   -0.0     1.5s
 438  1  -0.3140  -0.3598  -0.3596   0.0052  -0.0469       67      6     50   -0.0     1.4s
 439  1  -0.3011  -0.3726  -0.3536  -0.0104  -0.0573       72     11     54   -0.0     1.5s
 440  1  -0.2509  -0.3874  -0.3889   0.0000  -0.0990       72      3     45   -0.0     1.7s
 441  1  -0.3758  -0.4477  -0.4456  -0.0625  -0.0938       78     10     45   -0.0     1.3s
 442  1  -0.2985  -0.3457  -0.3414  -0.0521  -0.0573       76     10     47   -0.0     1.5s
 443  1  -0.2746  -0.3501  -0.3383   0.0208  -0.0677       74     15     51   -0.0     1.0s
 444  1  -0.2692  -0.3132  -0.3096  -0.0052  -0.0208       72     16     54   -0.0     1.0s
 445  1  -0.3229  -0.3943  -0.3922  -0.0052  -0.0677       74      5     53   -0.0     1.1s
 446  1  -0.2853  -0.3354  -0.3230   0.0417  -0.0104       77      8     53   -0.0     0.9s
 447  1  -0.2919  -0.3764  -0.3741  -0.0104  -0.0521       77     18     63   -0.0     0.9s
 448  1  -0.2365  -0.2979  -0.2958   0.0625   0.0052       77      9     52   -0.0     0.9s
 449  1  -0.2947  -0.3844  -0.3892  -0.0469  -0.0807       71     12     46   -0.0     0.9s
 450  1  -0.3323  -0.3874  -0.3882  -0.0573  -0.0938       77      1     43   -0.0     0.9s
 451  1  -0.3501  -0.4151  -0.4128  -0.0729  -0.0990       68      9     45   -0.0     1.0s
 452  1  -0.3063  -0.3631  -0.3610   0.0000  -0.0417       73      5     48   -0.0     0.9s
 453  1  -0.2989  -0.3972  -0.3978  -0.0156  -0.0729       74     17     62   -0.0     0.9s
 454  1  -0.2937  -0.3775  -0.3817  -0.0208  -0.0885       66      2     47   -0.0     0.9s
 455  1  -0.2710  -0.3727  -0.3682   0.0625  -0.0573       67      3     46   -0.0     0.9s
 456  1  -0.2924  -0.3692  -0.3754   0.0052  -0.0885       65     15     51   -0.0     1.0s
 457  1  -0.2975  -0.3745  -0.3768  -0.0208  -0.0833       65      4     49   -0.0     1.0s
 458  1  -0.2948  -0.3833  -0.3812   0.0104  -0.0990       67      4     47   -0.0     0.8s
 459  1  -0.2731  -0.3440  -0.3382   0.0156  -0.0521       67      7     47   -0.0     0.8s
 460  1  -0.3904  -0.4569  -0.4459  -0.0365  -0.0938       80      7     48   -0.0     0.8s
 461  1  -0.2388  -0.3464  -0.3476   0.0052  -0.0625       75     10     46   -0.0     0.9s
 462  1  -0.3550  -0.4378  -0.4309   0.0000  -0.0885       70      6     47   -0.0     0.8s
 463  1  -0.3446  -0.4295  -0.4259  -0.0885  -0.1458       76      6     47   -0.0     0.8s
 464  1  -0.3361  -0.4037  -0.4043  -0.0312  -0.0990       71      3     47   -0.0     0.8s
 465  1  -0.3513  -0.4068  -0.4014  -0.0677  -0.0990       76      2     47   -0.0     1.1s
 466  1  -0.2840  -0.3928  -0.3898   0.0000  -0.1042       73      9     49   -0.0     0.9s
 467  1  -0.3155  -0.3879  -0.3773  -0.0312  -0.0677       71      9     48   -0.0     0.8s
 468  1  -0.2590  -0.3440  -0.3392   0.0208  -0.0521       72      5     48   -0.0     0.8s
 469  1  -0.3844  -0.4416  -0.4306  -0.0521  -0.1094       73      4     44   -0.0     0.8s
 470  1  -0.2946  -0.3645  -0.3514  -0.0312  -0.0677       73      9     48   -0.0     0.8s
 471  1  -0.2571  -0.3443  -0.3351   0.0469  -0.0677       74      6     45   -0.0     0.8s
 472  1  -0.2461  -0.3485  -0.3475   0.0677  -0.0339       75     10     48   -0.0     0.8s
 473  1  -0.2172  -0.3098  -0.2990   0.0312  -0.0208       79      5     48   -0.0     0.8s
 474  1  -0.3095  -0.3886  -0.3817   0.0208  -0.0729       65      3     48   -0.0     0.8s
 475  1  -0.3173  -0.3819  -0.3658  -0.0052  -0.0417       73     10     48   -0.0     0.8s
 476  1  -0.2303  -0.3356  -0.3366   0.0677  -0.0469       75      6     45   -0.0     0.8s
 477  1  -0.2759  -0.3697  -0.3695   0.0052  -0.0573       77      9     45   -0.0     0.8s
 478  1  -0.2640  -0.3674  -0.3700  -0.0104  -0.0938       79     10     48   -0.0     1.2s
 479  1  -0.2840  -0.3718  -0.3698   0.0208  -0.0781       74      5     44   -0.0     1.1s
 480  1  -0.3160  -0.4097  -0.4083   0.0052  -0.0990       76      7     50   -0.0     1.0s
 481  1  -0.3401  -0.4321  -0.4291  -0.0625  -0.1250       72      5     48   -0.0     0.9s
 482  1  -0.2924  -0.3671  -0.3615   0.0365  -0.0573       74      5     46   -0.0     0.8s
 483  1  -0.2893  -0.4161  -0.4184  -0.0104  -0.1120       74     10     45   -0.0     0.8s
 484  1  -0.3114  -0.3893  -0.3830   0.0208  -0.0833       70      6     44   -0.0     0.9s
 485  1  -0.2608  -0.3661  -0.3560  -0.0104  -0.0938       72      7     48   -0.0     0.8s
 486  1  -0.3501  -0.4156  -0.4105  -0.0781  -0.1432       70      2     47   -0.0     0.9s
 487  1  -0.2724  -0.3819  -0.3830   0.0573  -0.0729       69      7     44   -0.0     0.9s
 488  1  -0.2556  -0.3275  -0.3274  -0.0052  -0.0365       71      7     50   -0.0     0.8s
 489  1  -0.2577  -0.3474  -0.3504   0.0260  -0.0312       70      7     51   -0.0     0.9s
 490  1  -0.3265  -0.3984  -0.3999   0.0052  -0.0833       67      8     45   -0.0     0.8s
 491  1  -0.2801  -0.3665  -0.3630  -0.0052  -0.0833       73      6     50   -0.0     0.9s
 492  1  -0.2560  -0.3202  -0.3166  -0.0052  -0.0260       72      6     49   -0.0     0.9s
 493  1  -0.2831  -0.3523  -0.3407   0.0260  -0.0781       69      8     50   -0.0     0.9s
 494  1  -0.2357  -0.3251  -0.3219   0.0156  -0.0312       68      7     49   -0.0     0.9s
 495  1  -0.3400  -0.4267  -0.4340  -0.0938  -0.1406       70      6     49   -0.0     0.8s
 496  1  -0.3192  -0.3895  -0.3854  -0.0677  -0.1042       71      6     49   -0.0     0.9s
 497  1  -0.3120  -0.3770  -0.3769  -0.0625  -0.0938       73      5     47   -0.0     0.9s
 498  1  -0.3259  -0.4030  -0.3984  -0.0781  -0.1250       59      6     48   -0.0     0.8s
 499  1  -0.3206  -0.3779  -0.3682   0.0104  -0.0312       55      8     50   -0.0     0.8s
 500  1  -0.3133  -0.3893  -0.3896  -0.0312  -0.0833       60      7     48   -0.0     0.9s
 501  1  -0.3051  -0.4035  -0.4052  -0.0156  -0.1354       67     12     48   -0.0     0.9s
 502  1  -0.2715  -0.3402  -0.3361   0.0208  -0.0599       64     12     48   -0.0     0.9s
 503  1  -0.2629  -0.3390  -0.3322   0.0365  -0.0312       69      3     50   -0.0     0.9s
 504  1  -0.2984  -0.3659  -0.3498   0.0052  -0.0625       67      3     46   -0.0     0.8s
 505  1  -0.3272  -0.3828  -0.3782  -0.0469  -0.1094       65      1     48   -0.0     0.8s
 506  1  -0.3316  -0.3813  -0.3820  -0.0104  -0.0781       71      9     51   -0.0     0.8s
 507  1  -0.3398  -0.3806  -0.3771  -0.0156  -0.0781       67      9     50   -0.0     0.8s
 508  1  -0.3691  -0.4144  -0.4132  -0.0469  -0.0990       66      9     51   -0.0     0.9s
 509  1  -0.3183  -0.3795  -0.3718  -0.0365  -0.0833       68      7     48   -0.0     0.8s
 510  1  -0.3115  -0.3797  -0.3751  -0.0156  -0.0677       72     10     51   -0.0     0.9s
 511  1  -0.2835  -0.3397  -0.3348  -0.0365  -0.0677       76      6     48   -0.0     0.9s
 512  1  -0.3007  -0.3589  -0.3599  -0.0469  -0.0729       72     11     50   -0.0     0.9s
 513  1  -0.2414  -0.3090  -0.3118   0.0104  -0.0260       72      8     50   -0.0     1.1s
 514  1  -0.3194  -0.3459  -0.3456  -0.0417  -0.0417       67      9     49   -0.0     1.0s
 515  1  -0.2455  -0.2877  -0.2892   0.0573   0.0417       64      9     49   -0.0     0.9s
 516  1  -0.3172  -0.3796  -0.3834   0.0000  -0.0885       63     13     50   -0.0     0.9s
 517  1  -0.2898  -0.3357  -0.3264  -0.0417  -0.0573       62      9     49   -0.0     0.9s
 518  1  -0.2961  -0.3702  -0.3790  -0.0469  -0.1042       63      9     49   -0.0     1.0s
 519  1  -0.2861  -0.3607  -0.3571   0.0260  -0.0599       67      2     50   -0.0     0.8s
 520  1  -0.2519  -0.3032  -0.2921   0.0677   0.0000       57     13     53   -0.0     0.9s
 521  1  -0.3169  -0.3756  -0.3797  -0.0365  -0.0833       53      7     49   -0.0     0.8s
 522  1  -0.2585  -0.3148  -0.3098   0.0156  -0.0521       54      9     53   -0.0     1.0s
 523  1  -0.3086  -0.3663  -0.3485  -0.0573  -0.0990       57      8     49   -0.0     0.9s
 524  1  -0.3265  -0.4028  -0.3980  -0.0469  -0.1146       51     11     51   -0.0     0.9s
 525  1  -0.2544  -0.3326  -0.3302  -0.0052  -0.0521       54      8     52   -0.0     0.9s
 526  1  -0.3563  -0.4122  -0.4081  -0.0833  -0.1146       50      4     50   -0.0     1.0s
 527  1  -0.3317  -0.3788  -0.3781  -0.0729  -0.0938       55      5     51   -0.0     0.9s
 528  1  -0.3258  -0.3939  -0.3933  -0.0938  -0.1146       49      4     50   -0.0     0.9s
 529  1  -0.2740  -0.3599  -0.3495   0.0000  -0.0937       56      6     55   -0.0     0.9s
 530  1  -0.2915  -0.3585  -0.3630  -0.0156  -0.0703       55      8     49   -0.0     1.0s
 531  1  -0.3167  -0.3638  -0.3497  -0.0365  -0.0625       60      9     51   -0.0     0.9s
 532  1  -0.3023  -0.3745  -0.3729  -0.0469  -0.1146       55      8     53   -0.0     0.9s
 533  1  -0.2935  -0.3539  -0.3458  -0.0208  -0.0885       62      6     52   -0.0     1.1s
 534  1  -0.2564  -0.3257  -0.3182   0.0260  -0.0260       57      5     53   -0.0     1.0s
 535  1  -0.2134  -0.3095  -0.3350   0.0365  -0.0781       54      9     49   -0.0     0.9s
 536  1  -0.2724  -0.3243  -0.3276   0.0104  -0.0469       63      9     49   -0.0     0.9s
 537  1  -0.2549  -0.3176  -0.3079   0.0260  -0.0260       56      5     49   -0.0     0.9s
 538  1  -0.3359  -0.3849  -0.3837  -0.0417  -0.1042       59      7     53   -0.0     1.0s
 539  1  -0.2428  -0.2823  -0.2717   0.0052  -0.0208       58      4     49   -0.0     0.8s
 540  1  -0.3080  -0.3423  -0.3436  -0.0573  -0.0937       65      5     54   -0.0     0.9s
 541  1  -0.2995  -0.3374  -0.3293   0.0156  -0.0156       64      6     52   -0.0     0.9s
 542  1  -0.2190  -0.2851  -0.2774   0.0312  -0.0208       64      9     54   -0.0     0.9s
 543  1  -0.1597  -0.2638  -0.3047   0.0885  -0.0469       66      5     53   -0.0     0.9s
 544  1  -0.2949  -0.3632  -0.3595   0.0208  -0.0781       72     12     48   -0.0     0.9s
 545  1  -0.3161  -0.3648  -0.3606   0.0000  -0.0781       70     10     54   -0.0     0.9s
 546  1  -0.2923  -0.3270  -0.3276  -0.0417  -0.0781       73      4     49   -0.0     0.9s
 547  1  -0.2776  -0.3134  -0.3140   0.0104  -0.0208       77      7     54   -0.0     0.8s
 548  1  -0.2699  -0.3138  -0.3110   0.0208  -0.0208       78      7     52   -0.0     0.8s
 549  1  -0.3301  -0.3857  -0.3880  -0.0729  -0.1302       79      9     55   -0.0     0.9s
 550  1  -0.3106  -0.3516  -0.3691  -0.0625  -0.1146       80     10     56   -0.0     0.9s
 551  1  -0.2851  -0.3068  -0.2943   0.0000  -0.0104       79      5     54   -0.0     1.0s
 552  1  -0.2937  -0.3462  -0.3604  -0.0417  -0.1068       86      6     55   -0.0     0.9s
 553  1  -0.2952  -0.3476  -0.3686  -0.0417  -0.1146       86      8     55   -0.0     1.0s
 554  1  -0.2139  -0.2760  -0.2757   0.0312  -0.0260       89     11     56   -0.0     1.1s
 555  1  -0.2268  -0.3190  -0.3319   0.0104  -0.0781       88      5     56   -0.0     1.1s
 556  1  -0.3492  -0.4092  -0.4039  -0.0729  -0.1302       87      6     55   -0.0     0.9s
 557  1  -0.2261  -0.2970  -0.3311   0.0260  -0.0625       85      4     57   -0.0     1.1s
 558  1  -0.2840  -0.3234  -0.3173   0.0208  -0.0104       80      5     58   -0.0     1.0s
 559  1  -0.2443  -0.2914  -0.2945   0.0104  -0.0417       78      8     59   -0.0     0.9s
 560  1  -0.3392  -0.3650  -0.3775  -0.0625  -0.0990       75      4     57   -0.0     1.2s
 561  1  -0.3176  -0.3636  -0.3733  -0.0156  -0.0885       75      5     53   -0.0     1.1s
 562  1  -0.2377  -0.3036  -0.3324   0.0156  -0.0781       75      4     53   -0.0     1.1s
 563  1  -0.3262  -0.3481  -0.3329  -0.0469  -0.0521       74      5     58   -0.0     1.1s
 564  1  -0.2893  -0.3155  -0.3132  -0.0052  -0.0312       81      4     57   -0.0     1.0s
 565  1  -0.2571  -0.3165  -0.3366  -0.0052  -0.0833       82      7     58   -0.0     0.9s
 566  1  -0.2629  -0.3272  -0.3210   0.0000  -0.0677       75      6     59   -0.0     1.1s
 567  1  -0.3425  -0.3768  -0.3642  -0.0885  -0.1094       73      7     58   -0.0     1.0s
 568  1  -0.2822  -0.3306  -0.3241  -0.0312  -0.0729       74      5     54   -0.0     0.9s
 569  1  -0.2858  -0.3727  -0.3410  -0.0052  -0.0625       38      7     58   -0.0     1.1s
 570  1  -0.3332  -0.4007  -0.4152  -0.0833  -0.1667       51      5     59   -0.0     1.0s
 571  1  -0.2871  -0.3462  -0.3549  -0.0312  -0.0938       58      6     54   -0.0     1.0s
 572  1  -0.2726  -0.3169  -0.3004  -0.0156  -0.0469       63      6     54   -0.0     0.9s
 573  1  -0.2838  -0.3466  -0.3720   0.0000  -0.0885       65      6     58   -0.0     0.9s
 574  1  -0.2888  -0.3387  -0.3430  -0.0156  -0.0885       64      6     54   -0.0     1.1s
 575  1  -0.2796  -0.3194  -0.3122   0.0000  -0.0312       66      6     56   -0.0     0.9s
 576  1  -0.3153  -0.3485  -0.3457  -0.0156  -0.0677       64      7     54   -0.0     1.1s
 577  1  -0.3242  -0.3955  -0.3907  -0.0104  -0.0990       67      7     54   -0.0     1.0s
 578  1  -0.2747  -0.3603  -0.3541   0.0000  -0.0990       71      7     54   -0.0     1.0s
 579  1  -0.2582  -0.2849  -0.2665   0.0104  -0.0156       69      7     60   -0.0     1.0s
 580  1  -0.2726  -0.3101  -0.3057  -0.0156  -0.0469       43      9     59   -0.0     1.2s
 581  1  -0.2360  -0.3353  -0.3381   0.0208  -0.0833       52      9     59   -0.0     1.1s
 582  1  -0.3294  -0.3555  -0.3441  -0.0208  -0.0312       54      9     59   -0.0     1.1s
 583  1  -0.2401  -0.3092  -0.3010   0.0156  -0.0469       54     10     59   -0.0     1.1s
 584  1  -0.2123  -0.2839  -0.2688   0.0417  -0.0156       58     10     60   -0.0     1.1s
 585  1  -0.2411  -0.3184  -0.3255   0.0521  -0.0312       63      9     59   -0.0     1.0s
 586  1  -0.2430  -0.3229  -0.3182   0.0104  -0.0677       67     12     61   -0.0     1.0s
 587  1  -0.3358  -0.3969  -0.4045  -0.0781  -0.1406       71     10     59   -0.0     1.0s
 588  1  -0.3245  -0.3678  -0.3620  -0.0417  -0.0677       69     13     62   -0.0     0.9s
 589  1  -0.2676  -0.3372  -0.3268   0.0104  -0.0521       68     18     63   -0.0     1.0s
 590  1  -0.3257  -0.3593  -0.3591  -0.0417  -0.0781       70     13     62   -0.0     1.2s
 591  1  -0.2416  -0.3094  -0.3004   0.0521  -0.0156       77     11     59   -0.0     1.0s
 592  1  -0.3093  -0.3514  -0.3479  -0.0573  -0.0938       70     13     60   -0.0     1.0s
 593  1  -0.3208  -0.3792  -0.3807  -0.0677  -0.1302       68     13     62   -0.0     1.1s
 594  1  -0.2203  -0.3238  -0.3264   0.0365  -0.0729       74     15     61   -0.0     0.9s
 595  1  -0.2792  -0.3382  -0.3403   0.0052  -0.0443       78     16     61   -0.0     0.9s
 596  1  -0.3030  -0.3474  -0.3441  -0.0469  -0.0885       78     14     64   -0.0     0.9s
 597  1  -0.3026  -0.3428  -0.3479  -0.0521  -0.0938       83      4     53   -0.0     1.0s
 598  1  -0.2492  -0.3015  -0.2997   0.0104  -0.0469       85     18     63   -0.0     1.0s
 599  1  -0.2584  -0.2926  -0.2873   0.0052  -0.0312       85     12     61   -0.0     1.0s
 600  1  -0.2374  -0.3168  -0.3332   0.0156  -0.0677       89     12     63   -0.0     1.0s
 601  1  -0.2717  -0.3043  -0.2895   0.0000  -0.0365       85      6     54   -0.0     1.1s
 602  1  -0.2906  -0.3533  -0.3757  -0.0104  -0.0885       87     12     63   -0.0     1.2s
 603  1  -0.3386  -0.3706  -0.3643  -0.0885  -0.1146       91     13     63   -0.0     1.0s
 604  1  -0.3546  -0.3873  -0.3868  -0.1042  -0.1302       96     13     63   -0.0     1.1s
 605  1  -0.2902  -0.3631  -0.3591  -0.0104  -0.0781       91     12     62   -0.0     0.9s
 606  1  -0.1824  -0.2323  -0.2427   0.0677   0.0104       99     13     63   -0.0     0.9s
 607  1  -0.2430  -0.2838  -0.2699   0.0104  -0.0156      100     15     63   -0.0     1.0s
 608  1  -0.2684  -0.2995  -0.3043  -0.0156  -0.0495       95     13     63   -0.0     1.0s
 609  1  -0.2581  -0.2925  -0.2922  -0.0052  -0.0365       98     16     64   -0.0     1.1s
 610  1  -0.2942  -0.3347  -0.3446  -0.0417  -0.0938       95     12     63   -0.0     1.0s
 611  1  -0.2216  -0.2697  -0.2485   0.0573   0.0312       96     15     63   -0.0     0.9s
 612  1  -0.2469  -0.2959  -0.3005   0.0052  -0.0417       99     16     64   -0.0     0.9s
 613  1  -0.2162  -0.2967  -0.3002   0.0417  -0.0417       98     13     67   -0.0     0.9s
 614  1  -0.2081  -0.2709  -0.2917   0.0573  -0.0260       96     14     64   -0.0     1.0s
 615  1  -0.2555  -0.3143  -0.3103  -0.0052  -0.0573       99     13     63   -0.0     1.1s
 616  1  -0.2729  -0.3058  -0.3034  -0.0208  -0.0521      101     13     63   -0.0     1.0s
 617  1  -0.2570  -0.2872  -0.2778   0.0208   0.0000      100     12     63   -0.0     1.0s
 618  1  -0.2035  -0.2819  -0.3130   0.0521  -0.0573      100     13     63   -0.0     0.9s
 619  1  -0.2781  -0.3084  -0.3085   0.0104  -0.0208      100      4     55   -0.0     1.0s
 620  1  -0.2053  -0.2538  -0.2616   0.0521  -0.0052       96     12     63   -0.0     1.0s
 621  1  -0.2553  -0.3227  -0.3349   0.0260  -0.0495       95     12     63   -0.0     0.9s
 622  1  -0.2736  -0.3149  -0.3121   0.0104  -0.0260       94      8     59   -0.0     0.9s
 623  1  -0.2732  -0.3300  -0.3555   0.0104  -0.0729       96     12     63   -0.0     1.0s
 624  1  -0.2893  -0.3275  -0.3395  -0.0104  -0.0521       93     13     63   -0.0     1.0s
 625  1  -0.2657  -0.3604  -0.3920  -0.0104  -0.1276       96     13     63   -0.0     0.9s
 626  1  -0.2930  -0.3281  -0.3053  -0.0365  -0.0521       90     14     60   -0.0     1.0s
 627  1  -0.2948  -0.3477  -0.3527  -0.0417  -0.0990       92     14     60   -0.0     1.0s
 628  1  -0.3040  -0.3344  -0.3278  -0.0469  -0.0729       92     12     63   -0.0     1.1s
 629  1  -0.2925  -0.3821  -0.4009   0.0000  -0.1094       95     10     61   -0.0     1.2s
 630  1  -0.3035  -0.3309  -0.3275  -0.0469  -0.0677       96     14     69   -0.0     1.0s
 631  1  -0.2718  -0.3451  -0.3724  -0.0208  -0.1016       97      5     53   -0.0     1.2s
 632  1  -0.2751  -0.3365  -0.3230  -0.0208  -0.0729       31     11     64   -0.0     1.1s
 633  1  -0.2403  -0.3010  -0.3173   0.0104  -0.0677       40     14     68   -0.0     1.2s
 634  1  -0.3149  -0.3832  -0.3779  -0.0312  -0.0937       42     12     70   -0.0     1.0s
 635  1  -0.2928  -0.3539  -0.3627  -0.0104  -0.0833       43     12     65   -0.0     1.0s
 636  1  -0.2715  -0.3229  -0.3354  -0.0156  -0.0833       49     12     64   -0.0     1.0s
 637  1  -0.2855  -0.3487  -0.3686  -0.0260  -0.1094       50     12     66   -0.0     1.1s
 638  1  -0.1857  -0.2549  -0.2538   0.0677   0.0000       53     14     71   -0.0     1.1s
 639  1  -0.2149  -0.3075  -0.3253   0.0365  -0.0729       54     14     71   -0.0     1.0s
 640  1  -0.2815  -0.3370  -0.3412  -0.0208  -0.0833       57     15     66   -0.0     1.1s
 641  1  -0.2528  -0.2960  -0.2915   0.0052  -0.0365       59     11     64   -0.0     1.1s
 642  1  -0.2567  -0.3079  -0.3095   0.0000  -0.0573       62     14     68   -0.0     1.0s
 643  1  -0.2939  -0.3373  -0.3486  -0.0260  -0.0911       60     10     66   -0.0     1.0s
 644  1  -0.3439  -0.3769  -0.3854  -0.0625  -0.1042       61     11     67   -0.0     1.2s
 645  1  -0.2580  -0.2929  -0.2943   0.0000  -0.0365       65     12     64   -0.0     1.0s
 646  1  -0.2450  -0.3016  -0.3085   0.0104  -0.0521       70     12     67   -0.0     1.0s
 647  1  -0.2494  -0.2952  -0.2993   0.0052  -0.0469       73     11     66   -0.0     1.1s
 648  1  -0.2666  -0.3513  -0.3773  -0.0156  -0.1224       71      5     56   -0.0     1.0s
 649  1  -0.3336  -0.3966  -0.4176  -0.0469  -0.1250       73      4     56   -0.0     1.0s
 650  1  -0.2571  -0.3039  -0.2883   0.0156  -0.0312       77     14     67   -0.0     1.0s
 651  1  -0.2866  -0.3126  -0.3068  -0.0312  -0.0573       82     16     66   -0.0     1.0s
 652  1  -0.3476  -0.3884  -0.3856  -0.0365  -0.0833       77     14     67   -0.0     1.0s
 653  1  -0.2555  -0.2941  -0.2780  -0.0052  -0.0260       78      5     58   -0.0     1.0s
 654  1  -0.2132  -0.2853  -0.2938   0.0365  -0.0469       80      5     58   -0.0     1.0s
 655  1  -0.2418  -0.3365  -0.3356   0.0156  -0.0729       83     16     66   -0.0     1.3s
 656  1  -0.2443  -0.2966  -0.3087   0.0156  -0.0521       84     16     66   -0.0     1.1s
 657  1  -0.2066  -0.2931  -0.3074   0.0469  -0.0521       80     16     71   -0.0     1.1s
 658  1  -0.2810  -0.3345  -0.3377   0.0052  -0.0521       85     15     71   -0.0     1.1s
 659  1  -0.2954  -0.3572  -0.3542  -0.0156  -0.0677       83      6     59   -0.0     1.1s
 660  1  -0.2480  -0.3307  -0.3310   0.0312  -0.0521       86     14     70   -0.0     1.1s
 661  1  -0.3464  -0.3937  -0.3922  -0.0625  -0.1094       77     12     67   -0.0     1.0s
 662  1  -0.2465  -0.2870  -0.2849   0.0469   0.0052       76     14     70   -0.0     1.0s
 663  1  -0.3225  -0.3556  -0.3510  -0.0417  -0.0677       75      5     57   -0.0     1.0s
 664  1  -0.2638  -0.2956  -0.2747  -0.0156  -0.0260       44      5     57   -0.0     1.1s
 665  1  -0.2549  -0.3344  -0.3244  -0.0104  -0.0781       54      5     58   -0.0     1.0s
 666  1  -0.3379  -0.3858  -0.3861  -0.0573  -0.1094       59     13     68   -0.0     1.1s
 667  1  -0.2232  -0.2761  -0.2823   0.0312  -0.0312       60      4     56   -0.0     1.0s
 668  1  -0.3557  -0.3842  -0.3776  -0.0521  -0.0729       62      5     56   -0.0     1.1s
 669  1  -0.3308  -0.3916  -0.3947  -0.0417  -0.1094       62     16     66   -0.0     1.0s
 670  1  -0.2744  -0.3636  -0.3694  -0.0208  -0.1146       66     15     72   -0.0     1.0s
 671  1  -0.2097  -0.2914  -0.3077   0.0417  -0.0573       65     15     72   -0.0     1.1s
 672  1  -0.2719  -0.3482  -0.3712  -0.0208  -0.1094       73      6     57   -0.0     1.1s
 673  1  -0.2730  -0.3206  -0.3071  -0.0208  -0.0573       68     13     68   -0.0     1.0s
 674  1  -0.2692  -0.3078  -0.3100  -0.0104  -0.0521       70     15     72   -0.0     1.0s
 675  1  -0.2627  -0.3216  -0.3173   0.0156  -0.0365       71      7     57   -0.0     1.1s
 676  1  -0.2570  -0.2883  -0.2840  -0.0052  -0.0365       71     16     72   -0.0     1.2s
 677  1  -0.2811  -0.3205  -0.3192   0.0000  -0.0417       72     16     72   -0.0     1.1s
 678  1  -0.3005  -0.3342  -0.3267   0.0052  -0.0208       71      7     60   -0.0     1.0s
 679  1  -0.2673  -0.2974  -0.3030  -0.0156  -0.0521       70      6     58   -0.0     1.1s
 680  1  -0.2607  -0.3083  -0.3122  -0.0052  -0.0573       67     13     68   -0.0     1.3s
 681  1  -0.2635  -0.3186  -0.3236  -0.0052  -0.0677       68     13     68   -0.0     1.1s
 682  1  -0.2994  -0.3447  -0.3378  -0.0156  -0.0573       71     13     68   -0.0     1.2s
 683  1  -0.3120  -0.3710  -0.3863  -0.0312  -0.1042       71      6     57   -0.0     1.2s
 684  1  -0.2679  -0.3141  -0.3375  -0.0156  -0.0833       72      9     56   -0.0     1.0s
 685  1  -0.2431  -0.2635  -0.2584   0.0104  -0.0052       75      3     58   -0.0     1.1s
 686  1  -0.2461  -0.2844  -0.2904   0.0312  -0.0417       74      7     59   -0.0     1.0s
 687  1  -0.3121  -0.3440  -0.3607  -0.0625  -0.0990       76      8     60   -0.0     1.2s
 688  1  -0.3282  -0.3563  -0.3672  -0.0469  -0.0833       81      6     57   -0.0     0.9s
 689  1  -0.2726  -0.3179  -0.3371  -0.0208  -0.0833       82      8     58   -0.0     1.0s
 690  1  -0.3350  -0.3551  -0.3493  -0.0833  -0.0990       89      6     61   -0.0     1.1s
 691  1  -0.3367  -0.3452  -0.3384  -0.0573  -0.0573       88      4     59   -0.0     1.0s
 692  1  -0.3300  -0.3615  -0.3769  -0.0833  -0.1094       92      8     60   -0.0     1.0s
 693  1  -0.2461  -0.2862  -0.2902   0.0000  -0.0365       58      9     61   -0.0     1.4s
 694  1  -0.3207  -0.3581  -0.3571  -0.0365  -0.0729       68      8     57   -0.0     1.1s
 695  1  -0.2632  -0.3439  -0.3720  -0.0104  -0.1068       71      8     57   -0.0     1.0s
 696  1  -0.2599  -0.3219  -0.3093  -0.0104  -0.0625       72      4     57   -0.0     1.0s
 697  1  -0.3223  -0.3760  -0.3835  -0.0417  -0.1042       73      6     59   -0.0     1.1s
 698  1  -0.2455  -0.2631  -0.2527   0.0000  -0.0052       75      6     59   -0.0     1.0s
 699  1  -0.2939  -0.3409  -0.3575  -0.0469  -0.1094       78      5     61   -0.0     1.0s
 700  1  -0.3189  -0.3699  -0.3929  -0.0625  -0.1302       79      6     59   -0.0     1.1s
 701  1  -0.2772  -0.3194  -0.3270  -0.0260  -0.0729       81      6     63   -0.0     1.0s
 702  1  -0.2249  -0.2728  -0.2595   0.0260  -0.0052       79      5     60   -0.0     1.1s
 703  1  -0.3185  -0.3464  -0.3466  -0.0365  -0.0677       81      3     60   -0.0     1.0s
 704  1  -0.2971  -0.3596  -0.3827  -0.0469  -0.1354       84      4     56   -0.0     1.0s
 705  1  -0.3193  -0.3520  -0.3561  -0.0677  -0.1042       81      6     57   -0.0     1.1s
 706  1  -0.2523  -0.2943  -0.2913   0.0000  -0.0417       83      4     58   -0.0     1.0s
 707  1  -0.2726  -0.2953  -0.2808  -0.0260  -0.0312       84      6     60   -0.0     1.1s
 708  1  -0.2706  -0.3083  -0.2998   0.0052  -0.0208       82      5     59   -0.0     1.1s
 709  1  -0.3133  -0.3739  -0.3714  -0.0312  -0.0885       84      6     57   -0.0     1.0s
 710  1  -0.3175  -0.3632  -0.3732  -0.0365  -0.0938       85      6     59   -0.0     1.1s
 711  1  -0.3189  -0.3582  -0.3625  -0.0625  -0.1094       67      3     56   -0.0     1.1s
 712  1  -0.3052  -0.3381  -0.3508  -0.0260  -0.0729       69      4     57   -0.0     1.0s
 713  1  -0.2996  -0.3491  -0.3794  -0.0521  -0.1250       68      4     56   -0.0     1.0s
 714  1  -0.2826  -0.3230  -0.3135   0.0260  -0.0052       70      6     58   -0.0     1.1s
 715  1  -0.2559  -0.3222  -0.3130  -0.0052  -0.0625       75      6     63   -0.0     1.0s
 716  1  -0.2934  -0.3564  -0.3561  -0.0781  -0.1042       71      9     57   -0.0     1.0s
 717  1  -0.2749  -0.3514  -0.3519  -0.0208  -0.1068       75      6     57   -0.0     1.0s
 718  1  -0.2513  -0.3006  -0.3070   0.0260  -0.0312       73      6     59   -0.0     1.1s
 719  1  -0.2932  -0.3276  -0.3151  -0.0417  -0.0677       59      4     56   -0.0     1.0s
 720  1  -0.3044  -0.3304  -0.3303  -0.0469  -0.0729       63      4     57   -0.0     1.0s
 721  1  -0.3472  -0.3920  -0.4105  -0.0677  -0.1276       63      4     56   -0.0     1.1s
 722  1  -0.2343  -0.2925  -0.2965   0.0104  -0.0495       67      7     58   -0.0     1.0s
 723  1  -0.2689  -0.3087  -0.2908  -0.0156  -0.0417       68      6     57   -0.0     1.1s
 724  1  -0.3160  -0.3710  -0.3632  -0.0365  -0.0833       46      6     58   -0.0     1.0s
 725  1  -0.2532  -0.3418  -0.3233   0.0000  -0.0677       53      6     58   -0.0     1.1s
 726  1  -0.3438  -0.3800  -0.3733  -0.0938  -0.1198       63      7     58   -0.0     1.2s
 727  1  -0.2566  -0.3002  -0.3062  -0.0104  -0.0573       63      6     61   -0.0     1.0s
 728  1  -0.2285  -0.2779  -0.2823   0.0208  -0.0312       51      8     58   -0.0     0.9s
 729  1  -0.3115  -0.3511  -0.3357  -0.0573  -0.0833       60      4     59   -0.0     1.1s
 730  1  -0.2773  -0.3258  -0.3142  -0.0260  -0.0573       62      7     57   -0.0     1.0s
 731  1  -0.2771  -0.3719  -0.3790  -0.0312  -0.1198       64      7     58   -0.0     1.0s
 732  1  -0.3239  -0.3658  -0.3648  -0.0417  -0.0833       59      5     57   -0.0     0.9s
 733  1  -0.2498  -0.3045  -0.3093   0.0000  -0.0573       60      6     58   -0.0     1.0s
 734  1  -0.2474  -0.2982  -0.3007   0.0000  -0.0521       64      5     60   -0.0     1.1s
 735  1  -0.2480  -0.3055  -0.2928   0.0052  -0.0365       69      5     59   -0.0     1.0s
 736  1  -0.3622  -0.3872  -0.3793  -0.0833  -0.1042       72      5     59   -0.0     1.0s
 737  1  -0.3851  -0.4292  -0.4180  -0.1094  -0.1406       64      5     60   -0.0     1.1s
 738  1  -0.3064  -0.3418  -0.3161  -0.0573  -0.0677       71      7     59   -0.0     1.0s
 739  1  -0.2705  -0.3405  -0.3512  -0.0312  -0.0885       72      3     59   -0.0     1.0s
 740  1  -0.2207  -0.2714  -0.2886   0.0312  -0.0365       74      4     58   -0.0     1.0s
 741  1  -0.2635  -0.3141  -0.3158  -0.0156  -0.0677       74      4     59   -0.0     1.1s
 742  1  -0.2455  -0.3009  -0.3220   0.0104  -0.0677       79      2     58   -0.0     1.0s
 743  1  -0.3351  -0.3525  -0.3429  -0.0521  -0.0625       77      3     58   -0.0     0.9s
 744  1  -0.3575  -0.3827  -0.3788  -0.0521  -0.0729       78      3     58   -0.0     0.9s
 745  1  -0.3180  -0.3591  -0.3566  -0.0625  -0.0990       72      4     56   -0.0     1.0s
 746  1  -0.3410  -0.3895  -0.3866  -0.0625  -0.1094       75      5     58   -0.0     0.9s
 747  1  -0.3012  -0.3546  -0.3742  -0.0260  -0.0990       74      5     60   -0.0     0.9s
 748  1  -0.2583  -0.3032  -0.3024  -0.0104  -0.0469       75      5     56   -0.0     0.9s
 749  1  -0.2968  -0.3143  -0.3135  -0.0156  -0.0312       76      5     56   -0.0     0.9s
 750  1  -0.2558  -0.3004  -0.2999   0.0260  -0.0156       78      5     60   -0.0     0.9s
 751  1  -0.3181  -0.3695  -0.3743  -0.0312  -0.0885       76      6     60   -0.0     0.8s
 752  1  -0.2854  -0.3673  -0.3777   0.0052  -0.0885       77      5     57   -0.0     0.8s
 753  1  -0.2904  -0.3525  -0.3653  -0.0104  -0.0833       73      8     59   -0.0     0.9s
 754  1  -0.2797  -0.3355  -0.3397   0.0000  -0.0573       77      8     58   -0.0     0.8s
 755  1  -0.2868  -0.3296  -0.3289  -0.0365  -0.0781       80      8     59   -0.0     0.9s
 756  1  -0.2834  -0.3284  -0.3289  -0.0052  -0.0521       83      5     56   -0.0     0.8s
 757  1  -0.3081  -0.3521  -0.3502  -0.0260  -0.0677       84      5     59   -0.0     0.9s
 758  1  -0.2812  -0.3331  -0.3324  -0.0312  -0.0833       88      5     59   -0.0     1.0s
 759  1  -0.3044  -0.3553  -0.3641  -0.0052  -0.1042       81      3     58   -0.0     1.0s
 760  1  -0.3130  -0.3774  -0.3743  -0.0677  -0.1250       78      3     60   -0.0     0.9s
 761  1  -0.2713  -0.3224  -0.3229  -0.0208  -0.0677       81      5     59   -0.0     0.9s
 762  1  -0.3051  -0.3689  -0.3740  -0.0260  -0.0938       84      5     56   -0.0     0.9s
 763  1  -0.2804  -0.3372  -0.3429   0.0000  -0.0625       87     10     60   -0.0     1.0s
 764  1  -0.3253  -0.3725  -0.3834  -0.0677  -0.1250       88      9     60   -0.0     1.0s
 765  1  -0.2616  -0.3154  -0.3163  -0.0104  -0.0625       93      5     62   -0.0     0.9s
 766  1  -0.3025  -0.3743  -0.3648  -0.0156  -0.0729       52      4     60   -0.0     0.9s
 767  1  -0.2075  -0.3255  -0.3303   0.0417  -0.0729       67      6     60   -0.0     1.0s
 768  1  -0.2991  -0.3302  -0.3398  -0.0156  -0.0573       68      4     60   -0.0     1.0s
 769  1  -0.2864  -0.3241  -0.3226  -0.0052  -0.0417       72      8     59   -0.0     0.9s
 770  1  -0.2521  -0.3131  -0.3073   0.0000  -0.0521       75      3     60   -0.0     0.9s
 771  1  -0.3723  -0.4108  -0.4158  -0.0938  -0.1354       79      3     58   -0.0     0.9s
 772  1  -0.2350  -0.3055  -0.3031   0.0156  -0.0521       80      3     58   -0.0     0.9s
 773  1  -0.3075  -0.4121  -0.4033  -0.0365  -0.1510       80      2     59   -0.0     0.9s
 774  1  -0.2505  -0.2920  -0.2821  -0.0052  -0.0312       81      7     60   -0.0     1.0s
 775  1  -0.2399  -0.2932  -0.3005   0.0052  -0.0521       76      5     61   -0.0     0.8s
 776  1  -0.3283  -0.3839  -0.3721  -0.0781  -0.1198       77      4     59   -0.0     1.0s
 777  1  -0.2880  -0.3505  -0.3490  -0.0312  -0.0938       77      4     60   -0.0     0.9s
 778  1  -0.4232  -0.4605  -0.4489  -0.1146  -0.1354       78      4     60   -0.0     0.9s
 779  1  -0.3233  -0.4053  -0.3917  -0.0365  -0.1042       78      5     60   -0.0     1.1s
 780  1  -0.2266  -0.2829  -0.2829   0.0521  -0.0052       79      5     59   -0.0     1.1s
 781  1  -0.2307  -0.3399  -0.3223   0.0208  -0.0677       77      6     59   -0.0     1.0s
 782  1  -0.2422  -0.2967  -0.3178   0.0052  -0.0625       77      5     59   -0.0     1.0s
 783  1  -0.2758  -0.3327  -0.3394  -0.0312  -0.0938       78      8     59   -0.0     0.9s
 784  1  -0.3407  -0.3968  -0.3812  -0.0573  -0.0990       76      4     60   -0.0     1.0s
 785  1  -0.2549  -0.3450  -0.3432   0.0000  -0.0885       82      5     60   -0.0     1.0s
 786  1  -0.2244  -0.3145  -0.3149   0.0312  -0.0573       79      9     58   -0.0     1.1s
 787  1  -0.2696  -0.3382  -0.3336  -0.0208  -0.0807       81      4     60   -0.0     1.0s
 788  1  -0.2574  -0.3387  -0.3530  -0.0104  -0.1042       81      7     60   -0.0     1.1s
 789  1  -0.3028  -0.3962  -0.3819  -0.0208  -0.0990       84      7     59   -0.0     1.1s
 790  1  -0.2830  -0.3317  -0.3373  -0.0312  -0.0885       83      8     59   -0.0     1.0s
 791  1  -0.2326  -0.2849  -0.2929   0.0208  -0.0365       84      8     59   -0.0     1.0s
 792  1  -0.3545  -0.3965  -0.4188  -0.0677  -0.1302       83      4     58   -0.0     0.9s
 793  1  -0.2254  -0.2927  -0.3185   0.0521  -0.0417       75      3     60   -0.0     0.9s
 794  1  -0.2832  -0.3260  -0.3375  -0.0365  -0.0885       80      6     60   -0.0     0.9s
 795  1  -0.2952  -0.3417  -0.3396  -0.0469  -0.0885       78      3     60   -0.0     1.0s
 796  1  -0.3413  -0.3955  -0.3977  -0.0833  -0.1354       83      6     60   -0.0     1.0s
 797  1  -0.3183  -0.3549  -0.3597  -0.0417  -0.0833       83      6     60   -0.0     0.9s
 798  1  -0.2795  -0.3344  -0.3291  -0.0052  -0.0469       48      4     58   -0.0     0.9s
 799  1  -0.3290  -0.3898  -0.3823  -0.0521  -0.1042       59      6     60   -0.0     1.0s
 800  1  -0.2926  -0.3799  -0.3767  -0.0104  -0.0938       61     11     63   -0.0     0.9s
 801  1  -0.2890  -0.3337  -0.3266  -0.0104  -0.0443       66      3     58   -0.0     0.9s
 802  1  -0.2984  -0.3441  -0.3451  -0.0469  -0.0885       69      3     58   -0.0     1.1s
 803  1  -0.2956  -0.3890  -0.3915   0.0104  -0.0990       64      7     64   -0.0     0.9s
 804  1  -0.3388  -0.3946  -0.3922  -0.0365  -0.0885       67      9     64   -0.0     1.0s
 805  1  -0.2852  -0.3427  -0.3444  -0.0052  -0.0625       67      4     59   -0.0     0.8s
 806  1  -0.2313  -0.2686  -0.2669   0.0156  -0.0208       66      4     58   -0.0     0.9s
 807  1  -0.2860  -0.3380  -0.3320  -0.0052  -0.0521       60      6     60   -0.0     0.9s
 808  1  -0.2264  -0.2774  -0.2667   0.0208  -0.0156       58      4     65   -0.0     0.9s
 809  1  -0.3341  -0.3979  -0.3984  -0.0833  -0.1458       59      3     63   -0.0     0.9s
 810  1  -0.3100  -0.3849  -0.4089  -0.0260  -0.1224       58      6     60   -0.0     0.9s
 811  1  -0.2448  -0.3202  -0.3209   0.0104  -0.0625       60      6     60   -0.0     0.9s
 812  1  -0.2594  -0.3364  -0.3570  -0.0052  -0.1172       62      4     60   -0.0     0.9s
 813  1  -0.2861  -0.3470  -0.3422  -0.0312  -0.0885       69      5     61   -0.0     0.9s
 814  1  -0.2994  -0.3655  -0.3700  -0.0208  -0.0885       67      4     64   -0.0     0.9s
 815  1  -0.2400  -0.3095  -0.3084   0.0156  -0.0521       72      4     61   -0.0     0.9s
 816  1  -0.3188  -0.3672  -0.3708  -0.0104  -0.0625       70      4     61   -0.0     0.9s
 817  1  -0.3322  -0.3857  -0.3892  -0.0521  -0.1094       71      2     63   -0.0     0.9s
 818  1  -0.2909  -0.3481  -0.3478  -0.0469  -0.0990       77      5     59   -0.0     0.8s
 819  1  -0.3684  -0.4173  -0.3994  -0.0885  -0.1198       61      5     64   -0.0     0.8s
 820  1  -0.2798  -0.3173  -0.3111   0.0000  -0.0312       72      4     61   -0.0     0.9s
 821  1  -0.3249  -0.3885  -0.3778  -0.0208  -0.0729       72      6     64   -0.0     1.0s
 822  1  -0.2976  -0.3454  -0.3341  -0.0208  -0.0521       75      4     61   -0.0     1.2s
 823  1  -0.3215  -0.3684  -0.3666  -0.0417  -0.0885       79      4     61   -0.0     1.0s
 824  1  -0.3470  -0.3950  -0.4005  -0.0625  -0.1198       80      9     62   -0.0     1.0s
 825  1  -0.2531  -0.3013  -0.2940   0.0000  -0.0417       79      4     60   -0.0     1.0s
 826  1  -0.2900  -0.3596  -0.3759  -0.0365  -0.1250       83      4     60   -0.0     0.8s
 827  1  -0.2723  -0.3058  -0.2817  -0.0208  -0.0312       81      3     63   -0.0     0.8s
 828  1  -0.2997  -0.3455  -0.3483  -0.0469  -0.0938       86      2     65   -0.0     1.0s
 829  1  -0.2274  -0.2706  -0.2804   0.0312  -0.0208       88      3     63   -0.0     0.8s
 830  1  -0.3092  -0.3488  -0.3403  -0.0573  -0.0885       89      3     63   -0.0     1.0s
 831  1  -0.2406  -0.2860  -0.2754   0.0000  -0.0208       92      5     63   -0.0     1.2s
 832  1  -0.3816  -0.4065  -0.4139  -0.0990  -0.1302       87      6     65   -0.0     0.9s
 833  1  -0.3127  -0.3472  -0.3345  -0.0625  -0.0833       90      6     65   -0.0     0.9s
 834  1  -0.2721  -0.3060  -0.2894  -0.0208  -0.0417       90      6     65   -0.0     1.0s
 835  1  -0.2419  -0.2857  -0.2802   0.0365   0.0000       88      6     65   -0.0     0.8s
 836  1  -0.3143  -0.3842  -0.3765  -0.0625  -0.1250       89      6     64   -0.0     0.9s
 837  1  -0.2199  -0.3315  -0.3669   0.0312  -0.1094       91      5     64   -0.0     1.0s
 838  1  -0.2572  -0.3249  -0.3502  -0.0052  -0.0937       90      3     67   -0.0     0.9s
 839  1  -0.3632  -0.4030  -0.4004  -0.0833  -0.1198       89      5     65   -0.0     1.3s
 840  1  -0.2698  -0.3094  -0.3015   0.0104  -0.0208       88      7     66   -0.0     0.9s
 841  1  -0.2443  -0.2949  -0.2851   0.0417   0.0000       90      7     63   -0.0     0.9s
 842  1  -0.3495  -0.3903  -0.3883  -0.0417  -0.0807       91      8     66   -0.0     0.9s
 843  1  -0.3120  -0.3487  -0.3460  -0.0312  -0.0677       94      5     63   -0.0     0.9s
 844  1  -0.2958  -0.3397  -0.3364  -0.0208  -0.0599       93      6     66   -0.0     0.9s
 845  1  -0.2697  -0.3170  -0.3232  -0.0156  -0.0729       95      2     65   -0.0     0.9s
 846  1  -0.2527  -0.3188  -0.3142   0.0260  -0.0365       97      8     66   -0.0     0.9s
 847  1  -0.3025  -0.3372  -0.3254  -0.0521  -0.0729       90      3     60   -0.0     0.9s
 848  1  -0.3322  -0.3735  -0.3779  -0.0521  -0.0990       91      3     60   -0.0     0.8s
 849  1  -0.2590  -0.3507  -0.3612  -0.0052  -0.1146       91      8     65   -0.0     0.9s
 850  1  -0.2702  -0.3158  -0.3256  -0.0208  -0.0729       92      4     59   -0.0     0.9s
 851  1  -0.3355  -0.3840  -0.3920  -0.0833  -0.1406       92      4     65   -0.0     0.9s
 852  1  -0.2847  -0.3389  -0.3450  -0.0052  -0.0625       94      7     65   -0.0     0.9s
 853  1  -0.3751  -0.4309  -0.4279  -0.0938  -0.1458       95     11     67   -0.0     0.9s
 854  1  -0.2471  -0.2999  -0.2948   0.0052  -0.0417       97      4     66   -0.0     0.9s
 855  1  -0.2692  -0.3217  -0.3118  -0.0208  -0.0573       32      5     66   -0.0     1.0s
 856  1  -0.3016  -0.3647  -0.3580  -0.0104  -0.0677       38      7     68   -0.0     0.9s
 857  1  -0.3142  -0.3537  -0.3451  -0.0625  -0.0938       39      7     68   -0.0     1.0s
 858  1  -0.2000  -0.3133  -0.3225   0.0781  -0.0625       44      5     64   -0.0     1.0s
 859  1  -0.2926  -0.3323  -0.3255  -0.0312  -0.0677       50      4     64   -0.0     1.0s
 860  1  -0.2518  -0.3292  -0.3260   0.0052  -0.0677       52      5     65   -0.0     1.0s
 861  1  -0.2964  -0.3517  -0.3360  -0.0469  -0.0833       54      4     65   -0.0     1.2s
 862  1  -0.3274  -0.3647  -0.3540  -0.0208  -0.0469       55      4     65   -0.0     0.9s
 863  1  -0.3145  -0.3584  -0.3676  -0.0625  -0.1146       53      4     65   -0.0     1.0s
 864  1  -0.2764  -0.3347  -0.3293   0.0365  -0.0729       57      4     66   -0.0     1.0s
 865  1  -0.3220  -0.3590  -0.3508  -0.0417  -0.0677       53      3     65   -0.0     0.9s
 866  1  -0.3210  -0.3912  -0.3943  -0.0417  -0.1198       57      5     66   -0.0     1.1s
 867  1  -0.2678  -0.3432  -0.3695  -0.0156  -0.1146       57      5     65   -0.0     0.9s
 868  1  -0.3260  -0.3858  -0.3724  -0.0417  -0.0885       62      7     66   -0.0     1.1s
 869  1  -0.2859  -0.3350  -0.3324  -0.0469  -0.0781       56      3     66   -0.0     1.0s
 870  1  -0.2921  -0.3355  -0.3414  -0.0417  -0.0938       62      7     66   -0.0     1.1s
 871  1  -0.2044  -0.3085  -0.3253   0.0469  -0.0729       62      6     66   -0.0     1.1s
 872  1  -0.2604  -0.3368  -0.3196  -0.0104  -0.0677       67      6     66   -0.0     1.1s
 873  1  -0.2885  -0.3618  -0.3503  -0.0312  -0.0938       68      4     65   -0.0     1.0s
 874  1  -0.3065  -0.3545  -0.3277  -0.0573  -0.0781       70      7     67   -0.0     1.0s
 875  1  -0.3460  -0.3823  -0.3859  -0.0625  -0.1042       76      8     67   -0.0     0.9s
 876  1  -0.2403  -0.3161  -0.3237   0.0052  -0.0781       74      9     67   -0.0     1.0s
 877  1  -0.2999  -0.3826  -0.3832  -0.0156  -0.0990       79      4     67   -0.0     1.0s
 878  1  -0.3026  -0.3634  -0.3602  -0.0156  -0.0729       76     11     68   -0.0     0.9s
 879  1  -0.3186  -0.3531  -0.3533  -0.0312  -0.0625       78     10     67   -0.0     1.1s
 880  1  -0.2457  -0.3272  -0.3435   0.0000  -0.0885       78      7     65   -0.0     1.0s
 881  1  -0.2118  -0.3362  -0.3849   0.0417  -0.1302       81     11     68   -0.0     0.9s
 882  1  -0.2172  -0.2921  -0.2860   0.0365  -0.0365       82      3     67   -0.0     1.0s
 883  1  -0.3084  -0.3656  -0.3754  -0.0573  -0.1250       88      6     65   -0.0     1.0s
 884  1  -0.2705  -0.3264  -0.3306  -0.0260  -0.0833       80      6     68   -0.0     0.9s
 885  1  -0.3047  -0.3425  -0.3649  -0.0573  -0.1146       80      6     64   -0.0     0.9s
 886  1  -0.2230  -0.2939  -0.2754   0.0312  -0.0208       78      5     64   -0.0     0.8s
 887  1  -0.3406  -0.3839  -0.3773  -0.0573  -0.0938       80      7     67   -0.0     0.9s
 888  1  -0.2797  -0.3366  -0.3471  -0.0260  -0.0938       80     11     68   -0.0     1.0s
 889  1  -0.2955  -0.3433  -0.3454  -0.0469  -0.0990       79      9     66   -0.0     0.8s
 890  1  -0.2611  -0.3064  -0.3046   0.0208  -0.0208       78      9     67   -0.0     0.9s
 891  1  -0.2390  -0.3081  -0.3186   0.0000  -0.0625       82      7     66   -0.0     0.9s
 892  1  -0.2854  -0.3319  -0.3344  -0.0104  -0.0573       87      5     67   -0.0     0.8s
 893  1  -0.2595  -0.3023  -0.2850  -0.0052  -0.0312       87      5     65   -0.0     0.8s
 894  1  -0.3399  -0.3653  -0.3709  -0.0573  -0.0885       85      6     66   -0.0     1.2s
 895  1  -0.3723  -0.3992  -0.3882  -0.0625  -0.0781       87      2     65   -0.0     0.9s
 896  1  -0.3252  -0.3581  -0.3621  -0.0156  -0.0521       91      4     67   -0.0     0.9s
 897  1  -0.2833  -0.3736  -0.3797  -0.0312  -0.1224       83      9     68   -0.0     0.9s
 898  1  -0.3167  -0.3546  -0.3524  -0.0677  -0.1042       86      9     68   -0.0     0.8s
 899  1  -0.2711  -0.3075  -0.3207  -0.0104  -0.0599       86      7     65   -0.0     1.0s
 900  1  -0.2821  -0.3070  -0.3122  -0.0260  -0.0521       89     11     68   -0.0     0.9s
 901  1  -0.3258  -0.3632  -0.3625  -0.0729  -0.1094       92      7     67   -0.0     0.9s
 902  1  -0.3128  -0.3293  -0.3231  -0.0573  -0.0729       93      4     66   -0.0     1.1s
 903  1  -0.2149  -0.2896  -0.3031   0.0365  -0.0521       91      9     69   -0.0     1.0s
 904  1  -0.2469  -0.3337  -0.3565   0.0312  -0.0651       92      7     67   -0.0     0.9s
 905  1  -0.2514  -0.3217  -0.3224   0.0000  -0.0729       94     11     68   -0.0     1.0s
 906  1  -0.2661  -0.3517  -0.3547  -0.0104  -0.0990       92      8     65   -0.0     1.0s
 907  1  -0.3126  -0.3338  -0.3366  -0.0573  -0.0833       89      2     66   -0.0     1.2s
 908  1  -0.2906  -0.3314  -0.3350  -0.0365  -0.0833       87      4     65   -0.0     1.1s
 909  1  -0.2325  -0.2826  -0.2801   0.0208  -0.0260       92      4     67   -0.0     0.9s
 910  1  -0.2204  -0.3054  -0.2955   0.0312  -0.0391       90      5     66   -0.0     0.9s
 911  1  -0.3154  -0.3886  -0.3879  -0.0625  -0.1354       89      9     66   -0.0     0.9s
 912  1  -0.2545  -0.3128  -0.3151  -0.0104  -0.0677       86      7     67   -0.0     0.9s
 913  1  -0.2960  -0.3716  -0.3748  -0.0469  -0.1146       88      4     67   -0.0     1.1s
 914  1  -0.2749  -0.3107  -0.3273  -0.0208  -0.0729       90      2     67   -0.0     1.1s
 915  1  -0.3773  -0.4380  -0.4296  -0.0677  -0.1198       89      5     66   -0.0     0.9s
 916  1  -0.2835  -0.3604  -0.3622  -0.0312  -0.1094       87      7     67   -0.0     0.9s
 917  1  -0.2826  -0.3513  -0.3577   0.0000  -0.0625       53      7     67   -0.0     1.1s
 918  1  -0.2783  -0.3514  -0.3607   0.0000  -0.0755       59      4     67   -0.0     0.9s
 919  1  -0.2906  -0.3632  -0.3629  -0.0104  -0.0833       61      6     67   -0.0     0.9s
 920  1  -0.2647  -0.3057  -0.3054  -0.0104  -0.0521       63      3     66   -0.0     0.9s
 921  1  -0.2508  -0.3048  -0.3175   0.0000  -0.0625       64      4     67   -0.0     0.9s
 922  1  -0.2492  -0.3259  -0.3352   0.0104  -0.0677       70      4     67   -0.0     0.9s
 923  1  -0.2779  -0.3371  -0.3123   0.0052  -0.0312       69      7     67   -0.0     0.9s
 924  1  -0.2904  -0.3451  -0.3339  -0.0365  -0.0833       67      6     67   -0.0     1.0s
 925  1  -0.3009  -0.3779  -0.3872  -0.0521  -0.1354       75      4     67   -0.0     1.0s
 926  1  -0.2461  -0.3150  -0.3082   0.0104  -0.0573       75      5     66   -0.0     1.0s
 927  1  -0.3016  -0.3609  -0.3593  -0.0208  -0.0781       74      8     66   -0.0     0.8s
 928  1  -0.3178  -0.3604  -0.3642  -0.0729  -0.1198       78      8     66   -0.0     0.9s
 929  1  -0.2531  -0.2928  -0.2964   0.0000  -0.0417       74      6     66   -0.0     1.0s
 930  1  -0.2807  -0.3564  -0.3737  -0.0312  -0.1146       77      3     66   -0.0     1.0s
 931  1  -0.3099  -0.3800  -0.3797  -0.0729  -0.1250       78      5     67   -0.0     1.1s
 932  1  -0.3268  -0.3521  -0.3564  -0.0208  -0.0521       84      2     65   -0.0     0.8s
 933  1  -0.3061  -0.3499  -0.3590  -0.0260  -0.0807       81      8     67   -0.0     0.9s
 934  1  -0.3033  -0.3526  -0.3574  -0.0521  -0.1042       82      4     67   -0.0     0.9s
 935  1  -0.2448  -0.3291  -0.3562   0.0052  -0.1016       76      7     67   -0.0     0.8s
 936  1  -0.2645  -0.3130  -0.3216  -0.0104  -0.0677       68      3     66   -0.0     0.9s
 937  1  -0.3514  -0.4104  -0.4216  -0.0469  -0.1042       72      3     66   -0.0     0.9s
 938  1  -0.3125  -0.3622  -0.3597  -0.0312  -0.0781       74      3     66   -0.0     0.9s
 939  1  -0.3182  -0.3354  -0.3270  -0.0625  -0.0729       79      2     65   -0.0     0.9s
 940  1  -0.3446  -0.3675  -0.3837  -0.0938  -0.1172       79      4     67   -0.0     1.0s
 941  1  -0.2619  -0.2940  -0.3145  -0.0052  -0.0573       79      2     66   -0.0     0.9s
 942  1  -0.3443  -0.3820  -0.3947  -0.0677  -0.1146       82      3     66   -0.0     0.8s
 943  1  -0.3732  -0.4122  -0.4378  -0.0938  -0.1562       83      6     66   -0.0     0.8s
 944  1  -0.2864  -0.3361  -0.3667  -0.0052  -0.0833       82      2     66   -0.0     0.9s
 945  1  -0.2873  -0.3930  -0.4139  -0.0104  -0.1354       82      3     66   -0.0     0.9s
 946  1  -0.2724  -0.3000  -0.3151  -0.0156  -0.0573       84      2     65   -0.0     0.8s
 947  1  -0.3529  -0.4149  -0.4146  -0.0365  -0.0990       85      3     67   -0.0     1.1s
 948  1  -0.3020  -0.3450  -0.3736  -0.0208  -0.0885       85      8     67   -0.0     0.9s
 949  1  -0.2198  -0.2963  -0.3343   0.0312  -0.0781       87      3     66   -0.0     0.8s
 950  1  -0.3064  -0.3259  -0.3263  -0.0573  -0.0781       88      8     67   -0.0     1.1s
 951  1  -0.3046  -0.3517  -0.3642  -0.0156  -0.0729       87      3     66   -0.0     0.9s
 952  1  -0.4070  -0.4203  -0.4243  -0.0990  -0.1146       88      2     65   -0.0     0.9s
 953  1  -0.2780  -0.3569  -0.3588   0.0104  -0.0677       91      4     66   -0.0     0.8s
 954  1  -0.2757  -0.2881  -0.2847  -0.0208  -0.0312       89      3     66   -0.0     0.9s
 955  1  -0.3466  -0.3752  -0.3815  -0.0677  -0.0990       86      3     66   -0.0     1.0s
 956  1  -0.3408  -0.3816  -0.3983  -0.0625  -0.1146       88      3     67   -0.0     0.9s
 957  1  -0.3294  -0.3926  -0.4035  -0.0469  -0.1172       85      4     65   -0.0     0.9s
 958  1  -0.3404  -0.3803  -0.3893  -0.0938  -0.1354       88      3     66   -0.0     1.2s
 959  1  -0.3593  -0.3765  -0.3811  -0.0729  -0.0938       87      3     66   -0.0     1.0s
 960  1  -0.2932  -0.3486  -0.3544  -0.0312  -0.1042       87      2     66   -0.0     1.1s
 961  1  -0.2490  -0.3019  -0.3129   0.0052  -0.0573       88      4     65   -0.0     1.1s
 962  1  -0.2609  -0.3392  -0.3689  -0.0156  -0.1198       84      5     66   -0.0     1.1s
 963  1  -0.3000  -0.3346  -0.3592  -0.0469  -0.1042       86      4     66   -0.0     1.1s
 964  1  -0.2848  -0.3257  -0.3528  -0.0312  -0.0990       88      8     67   -0.0     1.1s
 965  1  -0.3331  -0.3847  -0.4009  -0.0833  -0.1380       87      3     66   -0.0     1.0s
 966  1  -0.3425  -0.3869  -0.3979  -0.0625  -0.1198       87      2     65   -0.0     0.9s
 967  1  -0.2876  -0.3547  -0.3644  -0.0052  -0.0729       89      3     66   -0.0     0.9s
 968  1  -0.2905  -0.3324  -0.3598  -0.0312  -0.1042       89      8     67   -0.0     0.9s
 969  1  -0.2858  -0.3292  -0.3343  -0.0365  -0.0781       92      8     67   -0.0     0.8s
 970  1  -0.3294  -0.3566  -0.3621  -0.0260  -0.0495       89      8     67   -0.0     0.9s
 971  1  -0.2175  -0.2560  -0.2662   0.0417  -0.0104       90      6     67   -0.0     0.8s
 972  1  -0.2916  -0.3197  -0.3291  -0.0104  -0.0469       91      8     67   -0.0     0.9s
 973  1  -0.3329  -0.3630  -0.3688  -0.0260  -0.0625       92      5     66   -0.0     0.9s
 974  1  -0.3477  -0.4450  -0.4212  -0.0677  -0.1302       92      3     66   -0.0     0.9s
 975  1  -0.3757  -0.4209  -0.4570  -0.0885  -0.1719       90      2     69   -0.0     0.8s
 976  1  -0.2895  -0.3553  -0.3716  -0.0417  -0.1146       90      4     67   -0.0     0.9s
 977  1  -0.2750  -0.3384  -0.3369   0.0052  -0.0573       91      4     67   -0.0     0.9s
 978  1  -0.2239  -0.3061  -0.3099   0.0260  -0.0573       92      3     66   -0.0     0.9s
 979  1  -0.2855  -0.3758  -0.3889  -0.0365  -0.1354       90      4     67   -0.0     0.8s
 980  1  -0.3177  -0.3838  -0.3905  -0.0625  -0.1250       96      5     67   -0.0     0.8s
 981  1  -0.3418  -0.3846  -0.3970  -0.0573  -0.1094       98      4     67   -0.0     0.8s
 982  1  -0.3443  -0.3757  -0.3761  -0.0625  -0.0938       99      4     67   -0.0     0.8s
 983  1  -0.3009  -0.3532  -0.3536  -0.0208  -0.0625       99      5     67   -0.0     0.9s
 984  1  -0.3579  -0.4404  -0.4501  -0.0781  -0.1719      100      4     71   -0.0     1.0s
 985  1  -0.2317  -0.3333  -0.3417   0.0208  -0.0677      100      4     67   -0.0     0.9s
 986  1  -0.2706  -0.3194  -0.3349  -0.0208  -0.0833      101      2     65   -0.0     0.8s
 987  1  -0.3204  -0.4015  -0.3946  -0.0677  -0.1406      102      4     71   -0.0     0.9s
 988  1  -0.2599  -0.3095  -0.3075  -0.0052  -0.0573      103      3     68   -0.0     0.8s
 989  1  -0.3560  -0.3670  -0.3635  -0.0781  -0.0833      103      5     67   -0.0     0.9s
 990  1  -0.3420  -0.4089  -0.4101  -0.0625  -0.1302      102      4     67   -0.0     0.9s
 991  1  -0.2735  -0.3449  -0.3369   0.0052  -0.0573      104      3     67   -0.0     0.8s
 992  1  -0.3471  -0.3882  -0.3801  -0.0417  -0.0729      102      5     67   -0.0     0.9s
 993  1  -0.2726  -0.3092  -0.3257  -0.0156  -0.0729      102      2     67   -0.0     0.9s
 994  1  -0.3627  -0.4252  -0.4415  -0.0833  -0.1615      101      3     69   -0.0     0.8s
 995  1  -0.3025  -0.3318  -0.3524  -0.0469  -0.0990      100      5     70   -0.0     0.8s
 996  1  -0.3327  -0.3835  -0.4031  -0.0469  -0.1068      101      4     68   -0.0     0.8s
 997  1  -0.3303  -0.3572  -0.3648  -0.0521  -0.0885       28      3     68   -0.0     0.8s
 998  1  -0.3019  -0.3545  -0.3543  -0.0208  -0.0729       31      5     69   -0.0     0.9s
 999  1  -0.2976  -0.3612  -0.3699  -0.0469  -0.1250       34      5     69   -0.0     0.9s

Training complete. Best fitness: 0.4942
